Using pre-set license
Built from '2020.3/release' branch; Version is '2020.3.1f1 (77a89f25062f) revision 7841951'; Using compiler version '192528614'; Build Type 'Release'
OS: 'Windows 10 Home; OS build 17763.805; Version 1809; 64bit' Language: 'it' Physical Memory: 32575 MB
BatchMode: 1, IsHumanControllingUs: 0, StartBugReporterOnCrash: 0, Is64bit: 1, IsPro: 0

 COMMAND LINE ARGUMENTS:
C:\Program Files\Unity\Hub\Editor\2020.3.1f1\Editor\Unity.exe
-adb2
-batchMode
-noUpm
-name
AssetImportWorker0
-projectPath
C:/Users/alfan/Documents/GitHub/OGD_Project2021/OGD_Game
-logFile
Logs/AssetImportWorker0.log
-srvPort
51948
Successfully changed project path to: C:/Users/alfan/Documents/GitHub/OGD_Project2021/OGD_Game
C:/Users/alfan/Documents/GitHub/OGD_Project2021/OGD_Game
Using Asset Import Pipeline V2.
Refreshing native plugins compatible for Editor in 70.46 ms, found 1 plugins.
Preloading 0 native plugins for Editor in 0.00 ms.
Initialize engine version: 2020.3.1f1 (77a89f25062f)
[Subsystems] Discovering subsystems at path C:/Program Files/Unity/Hub/Editor/2020.3.1f1/Editor/Data/Resources/UnitySubsystems
[Subsystems] Discovering subsystems at path C:/Users/alfan/Documents/GitHub/OGD_Project2021/OGD_Game/Assets
GfxDevice: creating device client; threaded=0
Direct3D:
    Version:  Direct3D 11.0 [level 11.1]
    Renderer: NVIDIA GeForce GTX 1660 Ti (ID=0x2191)
    Vendor:   
    VRAM:     5991 MB
    Driver:   27.21.14.6109
Initialize mono
Mono path[0] = 'C:/Program Files/Unity/Hub/Editor/2020.3.1f1/Editor/Data/Managed'
Mono path[1] = 'C:/Program Files/Unity/Hub/Editor/2020.3.1f1/Editor/Data/MonoBleedingEdge/lib/mono/unityjit'
Mono config path = 'C:/Program Files/Unity/Hub/Editor/2020.3.1f1/Editor/Data/MonoBleedingEdge/etc'
Using monoOptions --debugger-agent=transport=dt_socket,embedding=1,server=y,suspend=n,address=127.0.0.1:56724
Begin MonoManager ReloadAssembly
Registering precompiled unity dll's ...
Register platform support module: C:/Program Files/Unity/Hub/Editor/2020.3.1f1/Editor/Data/PlaybackEngines/WebGLSupport/UnityEditor.WebGL.Extensions.dll
Register platform support module: C:/Program Files/Unity/Hub/Editor/2020.3.1f1/Editor/Data/PlaybackEngines/WindowsStandaloneSupport/UnityEditor.WindowsStandalone.Extensions.dll
Registered in 0.003654 seconds.
Native extension for WindowsStandalone target not found
Native extension for WebGL target not found
Refreshing native plugins compatible for Editor in 68.15 ms, found 1 plugins.
Preloading 0 native plugins for Editor in 0.00 ms.
Invoked RoslynAnalysisRunner static constructor.
RoslynAnalysisRunner will not be running.
RoslynAnalysisRunner has terminated.
Mono: successfully reloaded assembly
- Completed reload, in  2.311 seconds
Platform modules already initialized, skipping
Registering precompiled user dll's ...
Registered in 0.001538 seconds.
Begin MonoManager ReloadAssembly
Native extension for WindowsStandalone target not found
Native extension for WebGL target not found
Refreshing native plugins compatible for Editor in 69.20 ms, found 1 plugins.
Preloading 0 native plugins for Editor in 0.00 ms.
Invoked RoslynAnalysisRunner static constructor.
RoslynAnalysisRunner will not be running.
RoslynAnalysisRunner has terminated.
Mono: successfully reloaded assembly
- Completed reload, in  1.836 seconds
Platform modules already initialized, skipping
========================================================================
Worker process is ready to serve import requests
Launched and connected shader compiler UnityShaderCompiler.exe after 0.08 seconds
Refreshing native plugins compatible for Editor in 0.47 ms, found 1 plugins.
Preloading 0 native plugins for Editor in 0.00 ms.
Unloading 1807 Unused Serialized files (Serialized files now loaded: 0)
System memory in use before: 85.0 MB.
System memory in use after: 85.0 MB.

Unloading 24 unused Assets to reduce memory usage. Loaded Objects now: 2251.
Total: 4.222900 ms (FindLiveObjects: 0.252400 ms CreateObjectMapping: 0.073600 ms MarkObjects: 3.655600 ms  DeleteObjects: 0.239500 ms)

========================================================================
Received Import Request.
  path: Assets/Sprites/back_ground.jpg
  artifactKey: Guid(3d3d795fa3fa45747a4389f942b1c4c6) Importer(815301076,1909f56bfc062723c751e8b465ee728b)
Start importing Assets/Sprites/back_ground.jpg using Guid(3d3d795fa3fa45747a4389f942b1c4c6) Importer(815301076,1909f56bfc062723c751e8b465ee728b)  -> (artifact id: 'd30ce77caa2e7999283ccb8c0dd7a5dc') in 0.205254 seconds
  Import took 0.210900 seconds .

========================================================================
Received Import Request.
  Time since last request: 0.000316 seconds.
  path: Assets/Sprites/tileset (4).png
  artifactKey: Guid(0bed81ebed3ffc144a70916ff4d26b15) Importer(815301076,1909f56bfc062723c751e8b465ee728b)
Start importing Assets/Sprites/tileset (4).png using Guid(0bed81ebed3ffc144a70916ff4d26b15) Importer(815301076,1909f56bfc062723c751e8b465ee728b)  -> (artifact id: 'f1748975ef1d172729b0bf1cea956b6a') in 0.024049 seconds
  Import took 0.029452 seconds .

========================================================================
Received Import Request.
  Time since last request: 0.005264 seconds.
  path: Assets/Sprites/tileset (4).png
  artifactKey: Guid(0bed81ebed3ffc144a70916ff4d26b15) Importer(815301076,1909f56bfc062723c751e8b465ee728b)
Start importing Assets/Sprites/tileset (4).png using Guid(0bed81ebed3ffc144a70916ff4d26b15) Importer(815301076,1909f56bfc062723c751e8b465ee728b)  -> (artifact id: 'f1748975ef1d172729b0bf1cea956b6a') in 0.016525 seconds
  Import took 0.021576 seconds .

========================================================================
Received Import Request.
  Time since last request: 10.477251 seconds.
  path: Assets/Sprites/tileset (4).png
  artifactKey: Guid(0bed81ebed3ffc144a70916ff4d26b15) Importer(815301076,1909f56bfc062723c751e8b465ee728b)
Start importing Assets/Sprites/tileset (4).png using Guid(0bed81ebed3ffc144a70916ff4d26b15) Importer(815301076,1909f56bfc062723c751e8b465ee728b)  -> (artifact id: 'dda2e26c9c1c20fee41962ddd100ce7e') in 0.011588 seconds
  Import took 0.016986 seconds .

========================================================================
Received Import Request.
  Time since last request: 0.020211 seconds.
  path: Assets/Sprites/tileset (4).png
  artifactKey: Guid(0bed81ebed3ffc144a70916ff4d26b15) Importer(815301076,1909f56bfc062723c751e8b465ee728b)
Start importing Assets/Sprites/tileset (4).png using Guid(0bed81ebed3ffc144a70916ff4d26b15) Importer(815301076,1909f56bfc062723c751e8b465ee728b)  -> (artifact id: 'dda2e26c9c1c20fee41962ddd100ce7e') in 0.011982 seconds
  Import took 0.017801 seconds .

========================================================================
Received Import Request.
  Time since last request: 110.145010 seconds.
  path: Assets/Sprites/tileset (4).png
  artifactKey: Guid(0bed81ebed3ffc144a70916ff4d26b15) Importer(815301076,1909f56bfc062723c751e8b465ee728b)
Start importing Assets/Sprites/tileset (4).png using Guid(0bed81ebed3ffc144a70916ff4d26b15) Importer(815301076,1909f56bfc062723c751e8b465ee728b)  -> (artifact id: '3e042a4c285c83131ffebac7e628dbca') in 0.051647 seconds
  Import took 0.057703 seconds .

========================================================================
Received Import Request.
  Time since last request: 0.171347 seconds.
  path: Assets/Sprites/tileset (4).png
  artifactKey: Guid(0bed81ebed3ffc144a70916ff4d26b15) Importer(815301076,1909f56bfc062723c751e8b465ee728b)
Start importing Assets/Sprites/tileset (4).png using Guid(0bed81ebed3ffc144a70916ff4d26b15) Importer(815301076,1909f56bfc062723c751e8b465ee728b)  -> (artifact id: '3e042a4c285c83131ffebac7e628dbca') in 0.057299 seconds
  Import took 0.062515 seconds .

========================================================================
Received Import Request.
  Time since last request: 10.273003 seconds.
  path: Assets/Sprites/tileset2.png
  artifactKey: Guid(0bed81ebed3ffc144a70916ff4d26b15) Importer(815301076,1909f56bfc062723c751e8b465ee728b)
Start importing Assets/Sprites/tileset2.png using Guid(0bed81ebed3ffc144a70916ff4d26b15) Importer(815301076,1909f56bfc062723c751e8b465ee728b)  -> (artifact id: 'f8b75b11c09809316160b6232c905ea4') in 0.054738 seconds
  Import took 0.060706 seconds .

========================================================================
Received Import Request.
  Time since last request: 443.894927 seconds.
  path: Assets/HexSpriteTiles_Setup/Materials/PlaneMat.mat
  artifactKey: Guid(52429ab309411b64ba1fcfdfbf127822) Importer(815301076,1909f56bfc062723c751e8b465ee728b)
Start importing Assets/HexSpriteTiles_Setup/Materials/PlaneMat.mat using Guid(52429ab309411b64ba1fcfdfbf127822) Importer(815301076,1909f56bfc062723c751e8b465ee728b)  -> (artifact id: '161131fad93bc425fbd70f05af6f99e7') in 0.088315 seconds
  Import took 0.096813 seconds .

========================================================================
Received Prepare
Registering precompiled user dll's ...
Registered in 0.001828 seconds.
Begin MonoManager ReloadAssembly
Native extension for WindowsStandalone target not found
Native extension for WebGL target not found
Refreshing native plugins compatible for Editor in 0.78 ms, found 1 plugins.
Preloading 0 native plugins for Editor in 0.00 ms.
Invoked RoslynAnalysisRunner static constructor.
RoslynAnalysisRunner will not be running.
RoslynAnalysisRunner has terminated.
Mono: successfully reloaded assembly
- Completed reload, in  1.648 seconds
Platform modules already initialized, skipping
Refreshing native plugins compatible for Editor in 0.48 ms, found 1 plugins.
Preloading 0 native plugins for Editor in 0.00 ms.
Unloading 1803 Unused Serialized files (Serialized files now loaded: 0)
System memory in use before: 88.3 MB.
System memory in use after: 88.3 MB.

Unloading 12 unused Assets to reduce memory usage. Loaded Objects now: 2302.
Total: 4.501000 ms (FindLiveObjects: 0.517200 ms CreateObjectMapping: 0.204700 ms MarkObjects: 3.586800 ms  DeleteObjects: 0.189700 ms)

========================================================================
Received Prepare
Registering precompiled user dll's ...
Registered in 0.003093 seconds.
Begin MonoManager ReloadAssembly
Native extension for WindowsStandalone target not found
Native extension for WebGL target not found
Refreshing native plugins compatible for Editor in 0.80 ms, found 1 plugins.
Preloading 0 native plugins for Editor in 0.00 ms.
Invoked RoslynAnalysisRunner static constructor.
RoslynAnalysisRunner will not be running.
RoslynAnalysisRunner has terminated.
Mono: successfully reloaded assembly
- Completed reload, in  1.585 seconds
Platform modules already initialized, skipping
Refreshing native plugins compatible for Editor in 0.80 ms, found 1 plugins.
Preloading 0 native plugins for Editor in 0.00 ms.
Unloading 1803 Unused Serialized files (Serialized files now loaded: 0)
System memory in use before: 88.4 MB.
System memory in use after: 88.4 MB.

Unloading 12 unused Assets to reduce memory usage. Loaded Objects now: 2306.
Total: 3.429600 ms (FindLiveObjects: 0.280300 ms CreateObjectMapping: 0.069700 ms MarkObjects: 2.889900 ms  DeleteObjects: 0.187900 ms)

========================================================================
Received Import Request.
  Time since last request: 1073.675715 seconds.
  path: Assets/Scripts/BaseEntity.cs
  artifactKey: Guid(d32690aa9ec3d4c418e6eeeb7de0501f) Importer(815301076,1909f56bfc062723c751e8b465ee728b)
Start importing Assets/Scripts/BaseEntity.cs using Guid(d32690aa9ec3d4c418e6eeeb7de0501f) Importer(815301076,1909f56bfc062723c751e8b465ee728b)  -> (artifact id: '7543f8d5183680a84cf3d6d717b23f1e') in 0.019809 seconds
  Import took 0.024923 seconds .

========================================================================
Received Prepare
Registering precompiled user dll's ...
Registered in 0.001761 seconds.
Begin MonoManager ReloadAssembly
Native extension for WindowsStandalone target not found
Native extension for WebGL target not found
Refreshing native plugins compatible for Editor in 0.49 ms, found 1 plugins.
Preloading 0 native plugins for Editor in 0.00 ms.
Invoked RoslynAnalysisRunner static constructor.
RoslynAnalysisRunner will not be running.
RoslynAnalysisRunner has terminated.
Mono: successfully reloaded assembly
- Completed reload, in  1.579 seconds
Platform modules already initialized, skipping
Refreshing native plugins compatible for Editor in 0.78 ms, found 1 plugins.
Preloading 0 native plugins for Editor in 0.00 ms.
Unloading 1804 Unused Serialized files (Serialized files now loaded: 0)
System memory in use before: 88.4 MB.
System memory in use after: 88.4 MB.

Unloading 12 unused Assets to reduce memory usage. Loaded Objects now: 2311.
Total: 3.359000 ms (FindLiveObjects: 0.376900 ms CreateObjectMapping: 0.099900 ms MarkObjects: 2.706700 ms  DeleteObjects: 0.173600 ms)

========================================================================
Received Import Request.
  Time since last request: 9.695768 seconds.
  path: Assets/Scripts/Manager.cs
  artifactKey: Guid(55ef87bc6b5d77e49bd0d7261c35d5f2) Importer(815301076,1909f56bfc062723c751e8b465ee728b)
Start importing Assets/Scripts/Manager.cs using Guid(55ef87bc6b5d77e49bd0d7261c35d5f2) Importer(815301076,1909f56bfc062723c751e8b465ee728b)  -> (artifact id: '1ea47e6dbfb6fc81f51502737c5bf4cc') in 0.010863 seconds
  Import took 0.017225 seconds .

========================================================================
Received Prepare
Registering precompiled user dll's ...
Registered in 0.001769 seconds.
Begin MonoManager ReloadAssembly
Native extension for WindowsStandalone target not found
Native extension for WebGL target not found
Refreshing native plugins compatible for Editor in 0.68 ms, found 1 plugins.
Preloading 0 native plugins for Editor in 0.00 ms.
Invoked RoslynAnalysisRunner static constructor.
RoslynAnalysisRunner will not be running.
RoslynAnalysisRunner has terminated.
Mono: successfully reloaded assembly
- Completed reload, in  1.629 seconds
Platform modules already initialized, skipping
Refreshing native plugins compatible for Editor in 0.81 ms, found 1 plugins.
Preloading 0 native plugins for Editor in 0.00 ms.
Unloading 1805 Unused Serialized files (Serialized files now loaded: 0)
System memory in use before: 88.5 MB.
System memory in use after: 88.4 MB.

Unloading 12 unused Assets to reduce memory usage. Loaded Objects now: 2316.
Total: 3.774300 ms (FindLiveObjects: 0.533700 ms CreateObjectMapping: 0.188700 ms MarkObjects: 2.872200 ms  DeleteObjects: 0.177400 ms)

========================================================================
Received Import Request.
  Time since last request: 931.686859 seconds.
  path: Assets/Sprites/green coin.png
  artifactKey: Guid(08d807b0c890f744390a39d0c6e59321) Importer(815301076,1909f56bfc062723c751e8b465ee728b)
Start importing Assets/Sprites/green coin.png using Guid(08d807b0c890f744390a39d0c6e59321) Importer(815301076,1909f56bfc062723c751e8b465ee728b)  -> (artifact id: 'ea9e2accc55ceccb2274bb80438a3997') in 0.097872 seconds
  Import took 0.104145 seconds .

========================================================================
Received Import Request.
  Time since last request: 36.416294 seconds.
  path: Assets/Sprites/green_coin.png
  artifactKey: Guid(85188f527004995488c226d455586796) Importer(815301076,1909f56bfc062723c751e8b465ee728b)
Start importing Assets/Sprites/green_coin.png using Guid(85188f527004995488c226d455586796) Importer(815301076,1909f56bfc062723c751e8b465ee728b)  -> (artifact id: '6becba072d32e817765cb4e2d4df537b') in 0.013470 seconds
  Import took 0.017543 seconds .

========================================================================
Received Import Request.
  Time since last request: 235.068091 seconds.
  path: Assets/Sprites/elf.png
  artifactKey: Guid(6179695ed5ef782458c48431d31c8efb) Importer(815301076,1909f56bfc062723c751e8b465ee728b)
Start importing Assets/Sprites/elf.png using Guid(6179695ed5ef782458c48431d31c8efb) Importer(815301076,1909f56bfc062723c751e8b465ee728b)  -> (artifact id: 'a7fd2ce5e412bc2af15d3bf69ba54703') in 0.030076 seconds
  Import took 0.035719 seconds .

========================================================================
Received Import Request.
  Time since last request: 0.006795 seconds.
  path: Assets/Sprites/elf.png
  artifactKey: Guid(6179695ed5ef782458c48431d31c8efb) Importer(815301076,1909f56bfc062723c751e8b465ee728b)
Start importing Assets/Sprites/elf.png using Guid(6179695ed5ef782458c48431d31c8efb) Importer(815301076,1909f56bfc062723c751e8b465ee728b)  -> (artifact id: 'a7fd2ce5e412bc2af15d3bf69ba54703') in 0.022551 seconds
  Import took 0.027942 seconds .

========================================================================
Received Import Request.
  Time since last request: 21.842535 seconds.
  path: Assets/Sprites/dragon.png
  artifactKey: Guid(277185020ddf02d41815d00c924f1acc) Importer(815301076,1909f56bfc062723c751e8b465ee728b)
Start importing Assets/Sprites/dragon.png using Guid(277185020ddf02d41815d00c924f1acc) Importer(815301076,1909f56bfc062723c751e8b465ee728b)  -> (artifact id: 'aea7eb09fa9d9d7efb12688908935e48') in 0.023622 seconds
  Import took 0.030225 seconds .

========================================================================
Received Import Request.
  Time since last request: 0.000823 seconds.
  path: Assets/Sprites/dragon.png
  artifactKey: Guid(277185020ddf02d41815d00c924f1acc) Importer(815301076,1909f56bfc062723c751e8b465ee728b)
Start importing Assets/Sprites/dragon.png using Guid(277185020ddf02d41815d00c924f1acc) Importer(815301076,1909f56bfc062723c751e8b465ee728b)  -> (artifact id: 'aea7eb09fa9d9d7efb12688908935e48') in 0.020450 seconds
  Import took 0.024931 seconds .

========================================================================
Received Import Request.
  Time since last request: 8.933021 seconds.
  path: Assets/Sprites/Nature Entities
  artifactKey: Guid(789792f2bccb0eb41ac30d087609e4de) Importer(815301076,1909f56bfc062723c751e8b465ee728b)
Start importing Assets/Sprites/Nature Entities using Guid(789792f2bccb0eb41ac30d087609e4de) Importer(815301076,1909f56bfc062723c751e8b465ee728b)  -> (artifact id: '8699ed9b9485e62c67e12f6055183a93') in 0.007107 seconds
  Import took 0.013846 seconds .

========================================================================
Received Import Request.
  Time since last request: 8.067249 seconds.
  path: Assets/Sprites/Icons
  artifactKey: Guid(8da20b65bf5f69f4ca1eeffe4bdb317c) Importer(815301076,1909f56bfc062723c751e8b465ee728b)
Start importing Assets/Sprites/Icons using Guid(8da20b65bf5f69f4ca1eeffe4bdb317c) Importer(815301076,1909f56bfc062723c751e8b465ee728b)  -> (artifact id: 'd695c20caef8a5d8dd10e758cdf762fc') in 0.010355 seconds
  Import took 0.022516 seconds .

========================================================================
Received Import Request.
  Time since last request: 47.730598 seconds.
  path: Assets/Scripts/EntitiesDatabaseSO.cs
  artifactKey: Guid(85da6a87f49e2e14492a5d8fa35d986b) Importer(815301076,1909f56bfc062723c751e8b465ee728b)
Start importing Assets/Scripts/EntitiesDatabaseSO.cs using Guid(85da6a87f49e2e14492a5d8fa35d986b) Importer(815301076,1909f56bfc062723c751e8b465ee728b)  -> (artifact id: '29a91262cc2541c4a1f0e2a67f1e3a06') in 0.005614 seconds
  Import took 0.012319 seconds .

========================================================================
Received Prepare
Registering precompiled user dll's ...
Registered in 0.001802 seconds.
Begin MonoManager ReloadAssembly
Native extension for WindowsStandalone target not found
Native extension for WebGL target not found
Refreshing native plugins compatible for Editor in 0.57 ms, found 1 plugins.
Preloading 0 native plugins for Editor in 0.00 ms.
Invoked RoslynAnalysisRunner static constructor.
RoslynAnalysisRunner will not be running.
RoslynAnalysisRunner has terminated.
Mono: successfully reloaded assembly
- Completed reload, in  1.541 seconds
Platform modules already initialized, skipping
Refreshing native plugins compatible for Editor in 0.58 ms, found 1 plugins.
Preloading 0 native plugins for Editor in 0.00 ms.
Unloading 1806 Unused Serialized files (Serialized files now loaded: 0)
System memory in use before: 88.5 MB.
System memory in use after: 88.5 MB.

Unloading 12 unused Assets to reduce memory usage. Loaded Objects now: 2326.
Total: 3.613400 ms (FindLiveObjects: 0.306800 ms CreateObjectMapping: 0.071900 ms MarkObjects: 3.057600 ms  DeleteObjects: 0.175200 ms)

========================================================================
Received Prepare
Registering precompiled user dll's ...
Registered in 0.001328 seconds.
Begin MonoManager ReloadAssembly
Native extension for WindowsStandalone target not found
Native extension for WebGL target not found
Refreshing native plugins compatible for Editor in 0.74 ms, found 1 plugins.
Preloading 0 native plugins for Editor in 0.00 ms.
Invoked RoslynAnalysisRunner static constructor.
RoslynAnalysisRunner will not be running.
RoslynAnalysisRunner has terminated.
Mono: successfully reloaded assembly
- Completed reload, in  1.544 seconds
Platform modules already initialized, skipping
Refreshing native plugins compatible for Editor in 0.77 ms, found 1 plugins.
Preloading 0 native plugins for Editor in 0.00 ms.
Unloading 1806 Unused Serialized files (Serialized files now loaded: 0)
System memory in use before: 88.5 MB.
System memory in use after: 88.5 MB.

Unloading 12 unused Assets to reduce memory usage. Loaded Objects now: 2330.
Total: 3.127300 ms (FindLiveObjects: 0.253700 ms CreateObjectMapping: 0.060200 ms MarkObjects: 2.635900 ms  DeleteObjects: 0.175800 ms)

========================================================================
Received Import Request.
  Time since last request: 85.448993 seconds.
  path: Assets/Scripts/EntitiesDatabaseSO.cs
  artifactKey: Guid(85da6a87f49e2e14492a5d8fa35d986b) Importer(815301076,1909f56bfc062723c751e8b465ee728b)
Start importing Assets/Scripts/EntitiesDatabaseSO.cs using Guid(85da6a87f49e2e14492a5d8fa35d986b) Importer(815301076,1909f56bfc062723c751e8b465ee728b)  -> (artifact id: 'faa7147401e36a246e3a89511efe0828') in 0.008999 seconds
  Import took 0.014246 seconds .

========================================================================
Received Import Request.
  Time since last request: 16.933914 seconds.
  path: Assets/Entity Database.asset
  artifactKey: Guid(8ab941f082f9f6b4bbbc27cc1a10add9) Importer(815301076,1909f56bfc062723c751e8b465ee728b)
Start importing Assets/Entity Database.asset using Guid(8ab941f082f9f6b4bbbc27cc1a10add9) Importer(815301076,1909f56bfc062723c751e8b465ee728b)  -> (artifact id: '62170d7df9fcea4a80d0137d9da7878b') in 0.025172 seconds
  Import took 0.030703 seconds .

========================================================================
Received Import Request.
  Time since last request: 62.042110 seconds.
  path: Assets/Scripts/GridManager.cs
  artifactKey: Guid(10bf5af6413c97f45ad6e3cf5d73967d) Importer(815301076,1909f56bfc062723c751e8b465ee728b)
Start importing Assets/Scripts/GridManager.cs using Guid(10bf5af6413c97f45ad6e3cf5d73967d) Importer(815301076,1909f56bfc062723c751e8b465ee728b)  -> (artifact id: '281bcfb25dd51d1bf1e763cc53b7bcb8') in 0.005718 seconds
  Import took 0.011096 seconds .

========================================================================
Received Import Request.
  Time since last request: 196.224578 seconds.
  path: Assets/Scripts/Manager.cs
  artifactKey: Guid(55ef87bc6b5d77e49bd0d7261c35d5f2) Importer(815301076,1909f56bfc062723c751e8b465ee728b)
Start importing Assets/Scripts/Manager.cs using Guid(55ef87bc6b5d77e49bd0d7261c35d5f2) Importer(815301076,1909f56bfc062723c751e8b465ee728b)  -> (artifact id: 'fb00aa0a64637477e3a93512a9066e14') in 0.005158 seconds
  Import took 0.010054 seconds .

========================================================================
Received Import Request.
  Time since last request: 241.549430 seconds.
  path: Assets/Scripts/Tile.cs
  artifactKey: Guid(0efbcff1dba65c443803e6caa0f71aec) Importer(815301076,1909f56bfc062723c751e8b465ee728b)
Start importing Assets/Scripts/Tile.cs using Guid(0efbcff1dba65c443803e6caa0f71aec) Importer(815301076,1909f56bfc062723c751e8b465ee728b)  -> (artifact id: '40e362647baef57037df8ddd21f0db10') in 0.005359 seconds
  Import took 0.011068 seconds .

========================================================================
Received Import Request.
  Time since last request: 54.878320 seconds.
  path: Assets/Scripts/Tile.cs
  artifactKey: Guid(0efbcff1dba65c443803e6caa0f71aec) Importer(815301076,1909f56bfc062723c751e8b465ee728b)
Start importing Assets/Scripts/Tile.cs using Guid(0efbcff1dba65c443803e6caa0f71aec) Importer(815301076,1909f56bfc062723c751e8b465ee728b)  -> (artifact id: '2d51bbfdcfc74ac083e4909230aff6c7') in 0.005419 seconds
  Import took 0.012306 seconds .

========================================================================
Received Import Request.
  Time since last request: 6.491304 seconds.
  path: Assets/Scripts/PlayerData.cs
  artifactKey: Guid(720460cc0cd851a49935773296dcf772) Importer(815301076,1909f56bfc062723c751e8b465ee728b)
Start importing Assets/Scripts/PlayerData.cs using Guid(720460cc0cd851a49935773296dcf772) Importer(815301076,1909f56bfc062723c751e8b465ee728b)  -> (artifact id: '70c37a02d60afbbbd8af856f9b970a45') in 0.005490 seconds
  Import took 0.012045 seconds .

========================================================================
Received Import Request.
  Time since last request: 23.079416 seconds.
  path: Assets/Scripts/PlayerData.cs
  artifactKey: Guid(720460cc0cd851a49935773296dcf772) Importer(815301076,1909f56bfc062723c751e8b465ee728b)
Start importing Assets/Scripts/PlayerData.cs using Guid(720460cc0cd851a49935773296dcf772) Importer(815301076,1909f56bfc062723c751e8b465ee728b)  -> (artifact id: '66ed223c51bd0687e2471dcd0597a36d') in 0.005299 seconds
  Import took 0.011861 seconds .

========================================================================
Received Import Request.
  Time since last request: 74.687604 seconds.
  path: Assets/Scripts/HealthBar.cs
  artifactKey: Guid(2b2f4664749661a4286decc35feb728e) Importer(815301076,1909f56bfc062723c751e8b465ee728b)
Start importing Assets/Scripts/HealthBar.cs using Guid(2b2f4664749661a4286decc35feb728e) Importer(815301076,1909f56bfc062723c751e8b465ee728b)  -> (artifact id: '94c101853a82368955d2498ea0093e5c') in 0.005470 seconds
  Import took 0.012363 seconds .

========================================================================
Received Import Request.
  Time since last request: 42.718324 seconds.
  path: Assets/Scripts/HealthBar.cs
  artifactKey: Guid(2b2f4664749661a4286decc35feb728e) Importer(815301076,1909f56bfc062723c751e8b465ee728b)
Start importing Assets/Scripts/HealthBar.cs using Guid(2b2f4664749661a4286decc35feb728e) Importer(815301076,1909f56bfc062723c751e8b465ee728b)  -> (artifact id: '40abb4828237a07728345638cc02e0f0') in 0.005034 seconds
  Import took 0.010802 seconds .

========================================================================
Received Import Request.
  Time since last request: 6.103507 seconds.
  path: Assets/Scripts/GameManager.cs
  artifactKey: Guid(b9c9d707027f6144ea77ef61235bff61) Importer(815301076,1909f56bfc062723c751e8b465ee728b)
Start importing Assets/Scripts/GameManager.cs using Guid(b9c9d707027f6144ea77ef61235bff61) Importer(815301076,1909f56bfc062723c751e8b465ee728b)  -> (artifact id: 'a72ba4ec18957770d7b8b2a92e850d0b') in 0.005257 seconds
  Import took 0.010869 seconds .

========================================================================
Received Import Request.
  Time since last request: 212.128377 seconds.
  path: Assets/Scripts/GameManager.cs
  artifactKey: Guid(b9c9d707027f6144ea77ef61235bff61) Importer(815301076,1909f56bfc062723c751e8b465ee728b)
Start importing Assets/Scripts/GameManager.cs using Guid(b9c9d707027f6144ea77ef61235bff61) Importer(815301076,1909f56bfc062723c751e8b465ee728b)  -> (artifact id: '2500efe9e5efdacd5e174ea378c15970') in 0.005771 seconds
  Import took 0.012365 seconds .

========================================================================
Received Prepare
Registering precompiled user dll's ...
Registered in 0.002341 seconds.
Begin MonoManager ReloadAssembly
Native extension for WindowsStandalone target not found
Native extension for WebGL target not found
Refreshing native plugins compatible for Editor in 0.73 ms, found 1 plugins.
Preloading 0 native plugins for Editor in 0.00 ms.
Invoked RoslynAnalysisRunner static constructor.
RoslynAnalysisRunner will not be running.
RoslynAnalysisRunner has terminated.
Mono: successfully reloaded assembly
- Completed reload, in  1.518 seconds
Platform modules already initialized, skipping
Refreshing native plugins compatible for Editor in 0.80 ms, found 1 plugins.
Preloading 0 native plugins for Editor in 0.00 ms.
Unloading 1810 Unused Serialized files (Serialized files now loaded: 0)
System memory in use before: 88.6 MB.
System memory in use after: 88.6 MB.

Unloading 12 unused Assets to reduce memory usage. Loaded Objects now: 2338.
Total: 4.769900 ms (FindLiveObjects: 0.495000 ms CreateObjectMapping: 0.217600 ms MarkObjects: 3.806700 ms  DeleteObjects: 0.248000 ms)

========================================================================
Received Import Request.
  Time since last request: 41.909769 seconds.
  path: Assets/Scripts/MeleeEntity.cs
  artifactKey: Guid(eeb6394cc40fa2e42bb15280de9b8934) Importer(815301076,1909f56bfc062723c751e8b465ee728b)
Start importing Assets/Scripts/MeleeEntity.cs using Guid(eeb6394cc40fa2e42bb15280de9b8934) Importer(815301076,1909f56bfc062723c751e8b465ee728b)  -> (artifact id: 'de677c47157d8a94d6056c558ff570f6') in 0.010942 seconds
  Import took 0.016955 seconds .

========================================================================
Received Prepare
Registering precompiled user dll's ...
Registered in 0.001400 seconds.
Begin MonoManager ReloadAssembly
Native extension for WindowsStandalone target not found
Native extension for WebGL target not found
Refreshing native plugins compatible for Editor in 0.52 ms, found 1 plugins.
Preloading 0 native plugins for Editor in 0.00 ms.
Invoked RoslynAnalysisRunner static constructor.
RoslynAnalysisRunner will not be running.
RoslynAnalysisRunner has terminated.
Mono: successfully reloaded assembly
- Completed reload, in  1.574 seconds
Platform modules already initialized, skipping
Refreshing native plugins compatible for Editor in 0.59 ms, found 1 plugins.
Preloading 0 native plugins for Editor in 0.00 ms.
Unloading 1811 Unused Serialized files (Serialized files now loaded: 0)
System memory in use before: 88.7 MB.
System memory in use after: 88.7 MB.

Unloading 12 unused Assets to reduce memory usage. Loaded Objects now: 2343.
Total: 3.751600 ms (FindLiveObjects: 0.401500 ms CreateObjectMapping: 0.125900 ms MarkObjects: 3.047500 ms  DeleteObjects: 0.174600 ms)

========================================================================
Received Import Request.
  Time since last request: 11.001043 seconds.
  path: Assets/Scripts/RangedEntity.cs
  artifactKey: Guid(d0f4385d92e63f4478f42fffbc843459) Importer(815301076,1909f56bfc062723c751e8b465ee728b)
Start importing Assets/Scripts/RangedEntity.cs using Guid(d0f4385d92e63f4478f42fffbc843459) Importer(815301076,1909f56bfc062723c751e8b465ee728b)  -> (artifact id: '5e4efb133844c0659e1856d4376f8505') in 0.010438 seconds
  Import took 0.016009 seconds .

========================================================================
Received Prepare
Registering precompiled user dll's ...
Registered in 0.001283 seconds.
Begin MonoManager ReloadAssembly
Native extension for WindowsStandalone target not found
Native extension for WebGL target not found
Refreshing native plugins compatible for Editor in 0.78 ms, found 1 plugins.
Preloading 0 native plugins for Editor in 0.00 ms.
Invoked RoslynAnalysisRunner static constructor.
RoslynAnalysisRunner will not be running.
RoslynAnalysisRunner has terminated.
Mono: successfully reloaded assembly
- Completed reload, in  1.664 seconds
Platform modules already initialized, skipping
Refreshing native plugins compatible for Editor in 0.81 ms, found 1 plugins.
Preloading 0 native plugins for Editor in 0.00 ms.
Unloading 1812 Unused Serialized files (Serialized files now loaded: 0)
System memory in use before: 88.7 MB.
System memory in use after: 88.7 MB.

Unloading 12 unused Assets to reduce memory usage. Loaded Objects now: 2348.
Total: 4.574700 ms (FindLiveObjects: 0.513500 ms CreateObjectMapping: 0.196800 ms MarkObjects: 3.637000 ms  DeleteObjects: 0.224900 ms)

========================================================================
Received Prepare
Registering precompiled user dll's ...
Registered in 0.001820 seconds.
Begin MonoManager ReloadAssembly
Native extension for WindowsStandalone target not found
Native extension for WebGL target not found
Refreshing native plugins compatible for Editor in 0.81 ms, found 1 plugins.
Preloading 0 native plugins for Editor in 0.00 ms.
Invoked RoslynAnalysisRunner static constructor.
RoslynAnalysisRunner will not be running.
RoslynAnalysisRunner has terminated.
Mono: successfully reloaded assembly
- Completed reload, in  1.576 seconds
Platform modules already initialized, skipping
Refreshing native plugins compatible for Editor in 0.97 ms, found 1 plugins.
Preloading 0 native plugins for Editor in 0.00 ms.
Unloading 1812 Unused Serialized files (Serialized files now loaded: 0)
System memory in use before: 88.7 MB.
System memory in use after: 88.7 MB.

Unloading 12 unused Assets to reduce memory usage. Loaded Objects now: 2352.
Total: 4.182100 ms (FindLiveObjects: 0.412300 ms CreateObjectMapping: 0.166500 ms MarkObjects: 3.415300 ms  DeleteObjects: 0.186400 ms)

========================================================================
Received Import Request.
  Time since last request: 110.979641 seconds.
  path: Assets/Scripts/MeleeEntity.cs
  artifactKey: Guid(eeb6394cc40fa2e42bb15280de9b8934) Importer(815301076,1909f56bfc062723c751e8b465ee728b)
Start importing Assets/Scripts/MeleeEntity.cs using Guid(eeb6394cc40fa2e42bb15280de9b8934) Importer(815301076,1909f56bfc062723c751e8b465ee728b)  -> (artifact id: 'ea44c838a8d466eaab9623a5d6952ee0') in 0.008238 seconds
  Import took 0.013435 seconds .

========================================================================
Received Prepare
Registering precompiled user dll's ...
Registered in 0.002086 seconds.
Begin MonoManager ReloadAssembly
Native extension for WindowsStandalone target not found
Native extension for WebGL target not found
Refreshing native plugins compatible for Editor in 0.85 ms, found 1 plugins.
Preloading 0 native plugins for Editor in 0.00 ms.
Invoked RoslynAnalysisRunner static constructor.
RoslynAnalysisRunner will not be running.
RoslynAnalysisRunner has terminated.
Mono: successfully reloaded assembly
- Completed reload, in  1.639 seconds
Platform modules already initialized, skipping
Refreshing native plugins compatible for Editor in 1.15 ms, found 1 plugins.
Preloading 0 native plugins for Editor in 0.00 ms.
Unloading 1812 Unused Serialized files (Serialized files now loaded: 0)
System memory in use before: 88.7 MB.
System memory in use after: 88.7 MB.

Unloading 12 unused Assets to reduce memory usage. Loaded Objects now: 2356.
Total: 4.619200 ms (FindLiveObjects: 0.527100 ms CreateObjectMapping: 0.254000 ms MarkObjects: 3.602500 ms  DeleteObjects: 0.232800 ms)

========================================================================
Received Prepare
Registering precompiled user dll's ...
Registered in 0.001806 seconds.
Begin MonoManager ReloadAssembly
Native extension for WindowsStandalone target not found
Native extension for WebGL target not found
Refreshing native plugins compatible for Editor in 0.52 ms, found 1 plugins.
Preloading 0 native plugins for Editor in 0.00 ms.
Invoked RoslynAnalysisRunner static constructor.
RoslynAnalysisRunner will not be running.
RoslynAnalysisRunner has terminated.
Mono: successfully reloaded assembly
- Completed reload, in  1.537 seconds
Platform modules already initialized, skipping
Refreshing native plugins compatible for Editor in 0.51 ms, found 1 plugins.
Preloading 0 native plugins for Editor in 0.00 ms.
Unloading 1812 Unused Serialized files (Serialized files now loaded: 0)
System memory in use before: 88.7 MB.
System memory in use after: 88.7 MB.

Unloading 12 unused Assets to reduce memory usage. Loaded Objects now: 2360.
Total: 3.570100 ms (FindLiveObjects: 0.413900 ms CreateObjectMapping: 0.123800 ms MarkObjects: 2.848500 ms  DeleteObjects: 0.181600 ms)

========================================================================
Received Prepare
Registering precompiled user dll's ...
Registered in 0.001794 seconds.
Begin MonoManager ReloadAssembly
Native extension for WindowsStandalone target not found
Native extension for WebGL target not found
Refreshing native plugins compatible for Editor in 0.79 ms, found 1 plugins.
Preloading 0 native plugins for Editor in 0.00 ms.
Invoked RoslynAnalysisRunner static constructor.
RoslynAnalysisRunner will not be running.
RoslynAnalysisRunner has terminated.
Mono: successfully reloaded assembly
- Completed reload, in  1.621 seconds
Platform modules already initialized, skipping
Refreshing native plugins compatible for Editor in 0.55 ms, found 1 plugins.
Preloading 0 native plugins for Editor in 0.00 ms.
Unloading 1812 Unused Serialized files (Serialized files now loaded: 0)
System memory in use before: 88.7 MB.
System memory in use after: 88.7 MB.

Unloading 12 unused Assets to reduce memory usage. Loaded Objects now: 2364.
Total: 4.527200 ms (FindLiveObjects: 0.521200 ms CreateObjectMapping: 0.254800 ms MarkObjects: 3.574100 ms  DeleteObjects: 0.174600 ms)

========================================================================
Received Prepare
Registering precompiled user dll's ...
Registered in 0.001868 seconds.
Begin MonoManager ReloadAssembly
Native extension for WindowsStandalone target not found
Native extension for WebGL target not found
Refreshing native plugins compatible for Editor in 0.87 ms, found 1 plugins.
Preloading 0 native plugins for Editor in 0.00 ms.
Invoked RoslynAnalysisRunner static constructor.
RoslynAnalysisRunner will not be running.
RoslynAnalysisRunner has terminated.
Mono: successfully reloaded assembly
- Completed reload, in  1.629 seconds
Platform modules already initialized, skipping
Refreshing native plugins compatible for Editor in 0.76 ms, found 1 plugins.
Preloading 0 native plugins for Editor in 0.00 ms.
Unloading 1812 Unused Serialized files (Serialized files now loaded: 0)
System memory in use before: 88.7 MB.
System memory in use after: 88.7 MB.

Unloading 12 unused Assets to reduce memory usage. Loaded Objects now: 2368.
Total: 3.778200 ms (FindLiveObjects: 0.293400 ms CreateObjectMapping: 0.072500 ms MarkObjects: 3.215900 ms  DeleteObjects: 0.194400 ms)

========================================================================
Received Import Request.
  Time since last request: 771.703111 seconds.
  path: Assets/Sprites/Nature Entities/Elf_01__WALK_002.png
  artifactKey: Guid(ac59017cfa05a244b80aaba96d0c5280) Importer(815301076,1909f56bfc062723c751e8b465ee728b)
Start importing Assets/Sprites/Nature Entities/Elf_01__WALK_002.png using Guid(ac59017cfa05a244b80aaba96d0c5280) Importer(815301076,1909f56bfc062723c751e8b465ee728b)  -> (artifact id: '481dd8b2ded59b1606c768da07bcb183') in 0.128752 seconds
  Import took 0.134170 seconds .

========================================================================
Received Import Request.
  Time since last request: 69.633113 seconds.
  path: Assets/Sprites/Nature Entities/dragon_sprites.png
  artifactKey: Guid(bc1ba1dae22ba1140ab5ad1b508797ec) Importer(815301076,1909f56bfc062723c751e8b465ee728b)
Start importing Assets/Sprites/Nature Entities/dragon_sprites.png using Guid(bc1ba1dae22ba1140ab5ad1b508797ec) Importer(815301076,1909f56bfc062723c751e8b465ee728b)  -> (artifact id: '9cc6d6e7a2a8df08f72bd5961dcb987a') in 0.022376 seconds
  Import took 0.028058 seconds .

========================================================================
Received Import Request.
  Time since last request: 10.356833 seconds.
  path: Assets/Sprites/Nature Entities/dragon_sprites.png
  artifactKey: Guid(bc1ba1dae22ba1140ab5ad1b508797ec) Importer(815301076,1909f56bfc062723c751e8b465ee728b)
Start importing Assets/Sprites/Nature Entities/dragon_sprites.png using Guid(bc1ba1dae22ba1140ab5ad1b508797ec) Importer(815301076,1909f56bfc062723c751e8b465ee728b)  -> (artifact id: 'cea4eb5a619fd36e4e1fd5ea890540dd') in 0.013427 seconds
  Import took 0.018439 seconds .

========================================================================
Received Import Request.
  Time since last request: 0.045135 seconds.
  path: Assets/Sprites/Nature Entities/dragon_sprites.png
  artifactKey: Guid(bc1ba1dae22ba1140ab5ad1b508797ec) Importer(815301076,1909f56bfc062723c751e8b465ee728b)
Start importing Assets/Sprites/Nature Entities/dragon_sprites.png using Guid(bc1ba1dae22ba1140ab5ad1b508797ec) Importer(815301076,1909f56bfc062723c751e8b465ee728b)  -> (artifact id: 'cea4eb5a619fd36e4e1fd5ea890540dd') in 0.013760 seconds
  Import took 0.019081 seconds .

========================================================================
Received Import Request.
  Time since last request: 89.257952 seconds.
  path: Assets/Sprites/Nature Entities/dragon_sprites.png
  artifactKey: Guid(bc1ba1dae22ba1140ab5ad1b508797ec) Importer(815301076,1909f56bfc062723c751e8b465ee728b)
Start importing Assets/Sprites/Nature Entities/dragon_sprites.png using Guid(bc1ba1dae22ba1140ab5ad1b508797ec) Importer(815301076,1909f56bfc062723c751e8b465ee728b)  -> (artifact id: '95a2384b317007ba02e916b5b0fc1e3a') in 0.033214 seconds
  Import took 0.038858 seconds .

========================================================================
Received Prepare
Registering precompiled user dll's ...
Registered in 0.001853 seconds.
Begin MonoManager ReloadAssembly
Native extension for WindowsStandalone target not found
Native extension for WebGL target not found
Refreshing native plugins compatible for Editor in 0.76 ms, found 1 plugins.
Preloading 0 native plugins for Editor in 0.00 ms.
Invoked RoslynAnalysisRunner static constructor.
RoslynAnalysisRunner will not be running.
RoslynAnalysisRunner has terminated.
Mono: successfully reloaded assembly
- Completed reload, in  1.562 seconds
Platform modules already initialized, skipping
Refreshing native plugins compatible for Editor in 0.75 ms, found 1 plugins.
Preloading 0 native plugins for Editor in 0.00 ms.
Unloading 1812 Unused Serialized files (Serialized files now loaded: 0)
System memory in use before: 88.8 MB.
System memory in use after: 88.8 MB.

Unloading 12 unused Assets to reduce memory usage. Loaded Objects now: 2381.
Total: 4.737300 ms (FindLiveObjects: 0.429000 ms CreateObjectMapping: 0.160500 ms MarkObjects: 3.937800 ms  DeleteObjects: 0.207300 ms)

========================================================================
Received Import Request.
  Time since last request: 302.254361 seconds.
  path: Assets/Sprites/Prefabs
  artifactKey: Guid(0c7120c1581855048b82da11f916db6b) Importer(815301076,1909f56bfc062723c751e8b465ee728b)
Start importing Assets/Sprites/Prefabs using Guid(0c7120c1581855048b82da11f916db6b) Importer(815301076,1909f56bfc062723c751e8b465ee728b)  -> (artifact id: '4fd890c8e954d6abb1aab65e8254100a') in 0.010990 seconds
  Import took 0.015881 seconds .

========================================================================
Received Import Request.
  Time since last request: 0.000905 seconds.
  path: Assets/Sprites/Prefabs
  artifactKey: Guid(0c7120c1581855048b82da11f916db6b) Importer(815301076,1909f56bfc062723c751e8b465ee728b)
Start importing Assets/Sprites/Prefabs using Guid(0c7120c1581855048b82da11f916db6b) Importer(815301076,1909f56bfc062723c751e8b465ee728b)  -> (artifact id: '4fd890c8e954d6abb1aab65e8254100a') in 0.004373 seconds
  Import took 0.009825 seconds .

========================================================================
Received Import Request.
  Time since last request: 378.083255 seconds.
  path: Assets/Sprites/healthbar.png
  artifactKey: Guid(d8775e59b5361f24da72fc1c9e702985) Importer(815301076,1909f56bfc062723c751e8b465ee728b)
Start importing Assets/Sprites/healthbar.png using Guid(d8775e59b5361f24da72fc1c9e702985) Importer(815301076,1909f56bfc062723c751e8b465ee728b)  -> (artifact id: '9ace949d67a9db15b4d54c8c888084aa') in 0.093316 seconds
  Import took 0.099971 seconds .

========================================================================
Received Import Request.
  Time since last request: 0.000333 seconds.
  path: Assets/Sprites/healthbarContainer.png
  artifactKey: Guid(cbe2a9f03168b414c8835fec929abbfe) Importer(815301076,1909f56bfc062723c751e8b465ee728b)
Start importing Assets/Sprites/healthbarContainer.png using Guid(cbe2a9f03168b414c8835fec929abbfe) Importer(815301076,1909f56bfc062723c751e8b465ee728b)  -> (artifact id: '4df14c58ecd24f5b127f0771302caa8e') in 0.017516 seconds
  Import took 0.022339 seconds .

========================================================================
Received Import Request.
  Time since last request: 125.167308 seconds.
  path: Assets/Sprites/healthbar.png
  artifactKey: Guid(d8775e59b5361f24da72fc1c9e702985) Importer(815301076,1909f56bfc062723c751e8b465ee728b)
Start importing Assets/Sprites/healthbar.png using Guid(d8775e59b5361f24da72fc1c9e702985) Importer(815301076,1909f56bfc062723c751e8b465ee728b)  -> (artifact id: '0095b088f2e30f3185afcfe5ddce2205') in 0.014767 seconds
  Import took 0.020805 seconds .

========================================================================
Received Import Request.
  Time since last request: 31.576293 seconds.
  path: Assets/Sprites/healthbar.png
  artifactKey: Guid(d8775e59b5361f24da72fc1c9e702985) Importer(815301076,1909f56bfc062723c751e8b465ee728b)
Start importing Assets/Sprites/healthbar.png using Guid(d8775e59b5361f24da72fc1c9e702985) Importer(815301076,1909f56bfc062723c751e8b465ee728b)  -> (artifact id: '561712d902863f907e9e4f620df34279') in 0.015022 seconds
  Import took 0.021550 seconds .

========================================================================
Received Import Request.
  Time since last request: 0.003816 seconds.
  path: Assets/Sprites/healthbar.png
  artifactKey: Guid(d8775e59b5361f24da72fc1c9e702985) Importer(815301076,1909f56bfc062723c751e8b465ee728b)
Start importing Assets/Sprites/healthbar.png using Guid(d8775e59b5361f24da72fc1c9e702985) Importer(815301076,1909f56bfc062723c751e8b465ee728b)  -> (artifact id: '561712d902863f907e9e4f620df34279') in 0.018299 seconds
  Import took 0.023102 seconds .

========================================================================
Received Import Request.
  Time since last request: 16.242080 seconds.
  path: Assets/Sprites/healthbar.png
  artifactKey: Guid(d8775e59b5361f24da72fc1c9e702985) Importer(815301076,1909f56bfc062723c751e8b465ee728b)
Start importing Assets/Sprites/healthbar.png using Guid(d8775e59b5361f24da72fc1c9e702985) Importer(815301076,1909f56bfc062723c751e8b465ee728b)  -> (artifact id: '8b48aff9559e1e698ac7417a174a3ed2') in 0.018564 seconds
  Import took 0.024196 seconds .

========================================================================
Received Import Request.
  Time since last request: 169.994206 seconds.
  path: Assets/Prefabs
  artifactKey: Guid(d1e8b22b05cc390419996624771bf88f) Importer(815301076,1909f56bfc062723c751e8b465ee728b)
Start importing Assets/Prefabs using Guid(d1e8b22b05cc390419996624771bf88f) Importer(815301076,1909f56bfc062723c751e8b465ee728b)  -> (artifact id: '138aa468d5e74e85d0d7badde7ccc938') in 0.004757 seconds
  Import took 0.011439 seconds .

========================================================================
Received Import Request.
  Time since last request: 39.184327 seconds.
  path: Assets/Prefabs/HealthBar.prefab
  artifactKey: Guid(73699f5e031aaaf42bcfc521411eaa14) Importer(815301076,1909f56bfc062723c751e8b465ee728b)
Start importing Assets/Prefabs/HealthBar.prefab using Guid(73699f5e031aaaf42bcfc521411eaa14) Importer(815301076,1909f56bfc062723c751e8b465ee728b)  -> (artifact id: 'c12cd3f1117f39e89e4c8d8809b1fc71') in 0.067616 seconds
  Import took 0.073762 seconds .

========================================================================
Received Import Request.
  Time since last request: 0.001622 seconds.
  path: Assets/Prefabs/HealthBar.prefab
  artifactKey: Guid(73699f5e031aaaf42bcfc521411eaa14) Importer(815301076,1909f56bfc062723c751e8b465ee728b)
Start importing Assets/Prefabs/HealthBar.prefab using Guid(73699f5e031aaaf42bcfc521411eaa14) Importer(815301076,1909f56bfc062723c751e8b465ee728b)  -> (artifact id: 'c12cd3f1117f39e89e4c8d8809b1fc71') in 0.019311 seconds
  Import took 0.024329 seconds .

========================================================================
Received Import Request.
  Time since last request: 28.460463 seconds.
  path: Assets/Prefabs/Elf.prefab
  artifactKey: Guid(22f2ef649a69236448c27d70d739dafc) Importer(815301076,1909f56bfc062723c751e8b465ee728b)
Start importing Assets/Prefabs/Elf.prefab using Guid(22f2ef649a69236448c27d70d739dafc) Importer(815301076,1909f56bfc062723c751e8b465ee728b)  -> (artifact id: 'a240ffae932a9040b13d63882ff0217d') in 0.027366 seconds
  Import took 0.033349 seconds .

========================================================================
Received Import Request.
  Time since last request: 304.872313 seconds.
  path: Packages/com.unity.2d.animation/Editor/Assets/SkinningModule/Icons/Selected/Sprite_Mode@4x.png
  artifactKey: Guid(2223b0a570b66ee42b3e0a79f0789b2a) Importer(815301076,1909f56bfc062723c751e8b465ee728b)
Start importing Packages/com.unity.2d.animation/Editor/Assets/SkinningModule/Icons/Selected/Sprite_Mode@4x.png using Guid(2223b0a570b66ee42b3e0a79f0789b2a) Importer(815301076,1909f56bfc062723c751e8b465ee728b)  -> (artifact id: 'a6f1099ba703facda5d944fa93302838') in 0.017966 seconds
  Import took 0.022260 seconds .

========================================================================
Received Import Request.
  Time since last request: 0.000217 seconds.
  path: Packages/com.unity.2d.spriteshape/Editor/Handles/ss_playhead.png
  artifactKey: Guid(9ea72647c24be493ba6f15a9cd2a24ae) Importer(815301076,1909f56bfc062723c751e8b465ee728b)
Start importing Packages/com.unity.2d.spriteshape/Editor/Handles/ss_playhead.png using Guid(9ea72647c24be493ba6f15a9cd2a24ae) Importer(815301076,1909f56bfc062723c751e8b465ee728b)  -> (artifact id: '7e1de38753e7eaa0e6050d5733f33e7e') in 0.017219 seconds
  Import took 0.020518 seconds .

========================================================================
Received Import Request.
  Time since last request: 0.000232 seconds.
  path: Packages/com.unity.2d.animation/Editor/Assets/SkinningModule/Icons/Light/Sprite_Mode@4x.png
  artifactKey: Guid(554a30a45860f494ca38586c54b7e5d9) Importer(815301076,1909f56bfc062723c751e8b465ee728b)
Start importing Packages/com.unity.2d.animation/Editor/Assets/SkinningModule/Icons/Light/Sprite_Mode@4x.png using Guid(554a30a45860f494ca38586c54b7e5d9) Importer(815301076,1909f56bfc062723c751e8b465ee728b)  -> (artifact id: '57ac8eaa4faa94c2d80f0c8ea882fe2d') in 0.017617 seconds
  Import took 0.021771 seconds .

========================================================================
Received Import Request.
  Time since last request: 0.000214 seconds.
  path: Packages/com.unity.2d.animation/Editor/Assets/SkinningModule/Icons/Selected/Sprite_Mode@4x.png
  artifactKey: Guid(2223b0a570b66ee42b3e0a79f0789b2a) Importer(815301076,1909f56bfc062723c751e8b465ee728b)
Start importing Packages/com.unity.2d.animation/Editor/Assets/SkinningModule/Icons/Selected/Sprite_Mode@4x.png using Guid(2223b0a570b66ee42b3e0a79f0789b2a) Importer(815301076,1909f56bfc062723c751e8b465ee728b)  -> (artifact id: 'a6f1099ba703facda5d944fa93302838') in 0.014700 seconds
  Import took 0.018611 seconds .

========================================================================
Received Import Request.
  Time since last request: 0.000236 seconds.
  path: Packages/com.unity.2d.path/Editor/Handles/TangentContinuousPro.png
  artifactKey: Guid(8d4a2ded892e27742bb6d4d263639dff) Importer(815301076,1909f56bfc062723c751e8b465ee728b)
Start importing Packages/com.unity.2d.path/Editor/Handles/TangentContinuousPro.png using Guid(8d4a2ded892e27742bb6d4d263639dff) Importer(815301076,1909f56bfc062723c751e8b465ee728b)  -> (artifact id: 'b431dc0114d10312afc0059e44619f40') in 0.019266 seconds
  Import took 0.024323 seconds .

========================================================================
Received Import Request.
  Time since last request: 0.000223 seconds.
  path: Packages/com.unity.2d.animation/Editor/Assets/SkinningModule/Icons/Light/Sprite_Mode@4x.png
  artifactKey: Guid(554a30a45860f494ca38586c54b7e5d9) Importer(815301076,1909f56bfc062723c751e8b465ee728b)
Start importing Packages/com.unity.2d.animation/Editor/Assets/SkinningModule/Icons/Light/Sprite_Mode@4x.png using Guid(554a30a45860f494ca38586c54b7e5d9) Importer(815301076,1909f56bfc062723c751e8b465ee728b)  -> (artifact id: '57ac8eaa4faa94c2d80f0c8ea882fe2d') in 0.017216 seconds
  Import took 0.022887 seconds .

========================================================================
Received Import Request.
  Time since last request: 0.000258 seconds.
  path: Packages/com.unity.2d.path/Editor/Handles/TangentBrokenPro.png
  artifactKey: Guid(3f0215e89d05b544d907d3a7d34fab63) Importer(815301076,1909f56bfc062723c751e8b465ee728b)
Start importing Packages/com.unity.2d.path/Editor/Handles/TangentBrokenPro.png using Guid(3f0215e89d05b544d907d3a7d34fab63) Importer(815301076,1909f56bfc062723c751e8b465ee728b)  -> (artifact id: '8fbf0d142156a38ee982f7a92d87d6dd') in 0.016578 seconds
  Import took 0.021591 seconds .

========================================================================
Received Import Request.
  Time since last request: 0.000288 seconds.
  path: Packages/com.unity.2d.path/Editor/Handles/TangentLinearPro.png
  artifactKey: Guid(cafc16189f045f445bad6f5eb9e13541) Importer(815301076,1909f56bfc062723c751e8b465ee728b)
Start importing Packages/com.unity.2d.path/Editor/Handles/TangentLinearPro.png using Guid(cafc16189f045f445bad6f5eb9e13541) Importer(815301076,1909f56bfc062723c751e8b465ee728b)  -> (artifact id: 'f6ce8ce01c4cb0805806f5ebd54d2bfc') in 0.020381 seconds
  Import took 0.025481 seconds .

========================================================================
Received Import Request.
  Time since last request: 0.000484 seconds.
  path: Packages/com.unity.2d.spriteshape/Editor/ObjectMenuCreation/DefaultAssets/Sprite Shapes/SpriteShapeEdge.png
  artifactKey: Guid(0ae2b74b1edd14bb18dd7b65ae916a54) Importer(815301076,1909f56bfc062723c751e8b465ee728b)
Start importing Packages/com.unity.2d.spriteshape/Editor/ObjectMenuCreation/DefaultAssets/Sprite Shapes/SpriteShapeEdge.png using Guid(0ae2b74b1edd14bb18dd7b65ae916a54) Importer(815301076,1909f56bfc062723c751e8b465ee728b)  -> (artifact id: '8ac94bfb1e89b2c956275ea3e2e0c82b') in 0.018392 seconds
  Import took 0.023172 seconds .

========================================================================
Received Import Request.
  Time since last request: 0.000223 seconds.
  path: Packages/com.unity.2d.sprite/Editor/ObjectMenuCreation/DefaultAssets/Textures/Square.png
  artifactKey: Guid(db750325989564987a34393247d883b4) Importer(815301076,1909f56bfc062723c751e8b465ee728b)
Start importing Packages/com.unity.2d.sprite/Editor/ObjectMenuCreation/DefaultAssets/Textures/Square.png using Guid(db750325989564987a34393247d883b4) Importer(815301076,1909f56bfc062723c751e8b465ee728b)  -> (artifact id: 'e66cd6db7ddd291aa958f7956e4da15a') in 0.019980 seconds
  Import took 0.024312 seconds .

========================================================================
Received Import Request.
  Time since last request: 0.000253 seconds.
  path: Packages/com.unity.2d.spriteshape/Editor/Handles/ss_leftrange.png
  artifactKey: Guid(9417efc47083f4a1598c1966a6345cdb) Importer(815301076,1909f56bfc062723c751e8b465ee728b)
Start importing Packages/com.unity.2d.spriteshape/Editor/Handles/ss_leftrange.png using Guid(9417efc47083f4a1598c1966a6345cdb) Importer(815301076,1909f56bfc062723c751e8b465ee728b)  -> (artifact id: '59dd8e4ad1abd062b80570411ac07c13') in 0.016134 seconds
  Import took 0.022408 seconds .

========================================================================
Received Import Request.
  Time since last request: 0.000208 seconds.
  path: Packages/com.unity.2d.spriteshape/Editor/Handles/ss_rightrange.png
  artifactKey: Guid(ee5df01235032491c8b180741ea820fe) Importer(815301076,1909f56bfc062723c751e8b465ee728b)
Start importing Packages/com.unity.2d.spriteshape/Editor/Handles/ss_rightrange.png using Guid(ee5df01235032491c8b180741ea820fe) Importer(815301076,1909f56bfc062723c751e8b465ee728b)  -> (artifact id: 'b8a1faa19c28af1a386019e6218fb12c') in 0.015033 seconds
  Import took 0.019231 seconds .

========================================================================
Received Import Request.
  Time since last request: 0.000238 seconds.
  path: Packages/com.unity.2d.path/Editor/Handles/TangentLinear.png
  artifactKey: Guid(a728d9332cba5f448a36350199dc573b) Importer(815301076,1909f56bfc062723c751e8b465ee728b)
Start importing Packages/com.unity.2d.path/Editor/Handles/TangentLinear.png using Guid(a728d9332cba5f448a36350199dc573b) Importer(815301076,1909f56bfc062723c751e8b465ee728b)  -> (artifact id: '56d2eb2831ba2b1a65308d3d4042bece') in 0.016930 seconds
  Import took 0.022036 seconds .

========================================================================
Received Import Request.
  Time since last request: 0.000267 seconds.
  path: Packages/com.unity.2d.path/Editor/Handles/TangentBroken.png
  artifactKey: Guid(b370d25fdf6f8914287e27c0c3dede6a) Importer(815301076,1909f56bfc062723c751e8b465ee728b)
Start importing Packages/com.unity.2d.path/Editor/Handles/TangentBroken.png using Guid(b370d25fdf6f8914287e27c0c3dede6a) Importer(815301076,1909f56bfc062723c751e8b465ee728b)  -> (artifact id: '22b9086e1d09fa1422401d1a60915c52') in 0.014680 seconds
  Import took 0.019653 seconds .

========================================================================
Received Import Request.
  Time since last request: 0.000318 seconds.
  path: Packages/com.unity.2d.path/Editor/Handles/TangentContinuous.png
  artifactKey: Guid(229e750703f3e824ca71ddd16a5e36be) Importer(815301076,1909f56bfc062723c751e8b465ee728b)
Start importing Packages/com.unity.2d.path/Editor/Handles/TangentContinuous.png using Guid(229e750703f3e824ca71ddd16a5e36be) Importer(815301076,1909f56bfc062723c751e8b465ee728b)  -> (artifact id: '98f880ec56f7eb03058686a964bb907a') in 0.019006 seconds
  Import took 0.023597 seconds .

========================================================================
Received Import Request.
  Time since last request: 6.148034 seconds.
  path: Packages/com.unity.2d.animation/Editor/Assets/SkinningModule/Icons/Light/Visibility_Hidded.png
  artifactKey: Guid(a20f7223e2252fc4d813fc92d0f3a614) Importer(815301076,1909f56bfc062723c751e8b465ee728b)
Start importing Packages/com.unity.2d.animation/Editor/Assets/SkinningModule/Icons/Light/Visibility_Hidded.png using Guid(a20f7223e2252fc4d813fc92d0f3a614) Importer(815301076,1909f56bfc062723c751e8b465ee728b)  -> (artifact id: '3a060cbafbe676d91d49c742cd2389a6') in 0.019496 seconds
  Import took 0.023484 seconds .

========================================================================
Received Import Request.
  Time since last request: 0.111860 seconds.
  path: Packages/com.unity.2d.animation/Editor/Assets/SkinningModule/Icons/Light/Visibility_Hidded@2x.png
  artifactKey: Guid(f3940f64802892746b2ec336d3b0c5f4) Importer(815301076,1909f56bfc062723c751e8b465ee728b)
Start importing Packages/com.unity.2d.animation/Editor/Assets/SkinningModule/Icons/Light/Visibility_Hidded@2x.png using Guid(f3940f64802892746b2ec336d3b0c5f4) Importer(815301076,1909f56bfc062723c751e8b465ee728b)  -> (artifact id: 'fe53b7b4a43cae08cdf9dfd6c669ad29') in 0.013275 seconds
  Import took 0.017116 seconds .

========================================================================
Received Import Request.
  Time since last request: 0.000203 seconds.
  path: Packages/com.unity.2d.animation/Editor/Assets/SkinningModule/Icons/Light/Visibility_Hidded@3x.png
  artifactKey: Guid(89930da27dfbbc64ba1f3baf0ae416bb) Importer(815301076,1909f56bfc062723c751e8b465ee728b)
Start importing Packages/com.unity.2d.animation/Editor/Assets/SkinningModule/Icons/Light/Visibility_Hidded@3x.png using Guid(89930da27dfbbc64ba1f3baf0ae416bb) Importer(815301076,1909f56bfc062723c751e8b465ee728b)  -> (artifact id: 'ac65d7998fc018f3e385d643a95294e7') in 0.019904 seconds
  Import took 0.024433 seconds .

========================================================================
Received Import Request.
  Time since last request: 0.000293 seconds.
  path: Packages/com.unity.2d.animation/Editor/Assets/SkinningModule/Icons/Light/Visibility_Hidded@4x.png
  artifactKey: Guid(f469f8253737d534ca7809ae6f0d2422) Importer(815301076,1909f56bfc062723c751e8b465ee728b)
Start importing Packages/com.unity.2d.animation/Editor/Assets/SkinningModule/Icons/Light/Visibility_Hidded@4x.png using Guid(f469f8253737d534ca7809ae6f0d2422) Importer(815301076,1909f56bfc062723c751e8b465ee728b)  -> (artifact id: '691c7a4909a5504e0d930e2078f8b493') in 0.016757 seconds
  Import took 0.020988 seconds .

========================================================================
Received Import Request.
  Time since last request: 0.067122 seconds.
  path: Packages/com.unity.2d.animation/Editor/Assets/SkinningModule/Icons/Selected/Visibility_Tool.png
  artifactKey: Guid(7342ee656932e31489ea62e64e012645) Importer(815301076,1909f56bfc062723c751e8b465ee728b)
Start importing Packages/com.unity.2d.animation/Editor/Assets/SkinningModule/Icons/Selected/Visibility_Tool.png using Guid(7342ee656932e31489ea62e64e012645) Importer(815301076,1909f56bfc062723c751e8b465ee728b)  -> (artifact id: 'dd96dc58b0b06013f856dfb0648cae53') in 0.014818 seconds
  Import took 0.020109 seconds .

========================================================================
Received Import Request.
  Time since last request: 0.000282 seconds.
  path: Packages/com.unity.2d.animation/Editor/Assets/SkinningModule/Icons/Selected/Visibility_Tool@2x.png
  artifactKey: Guid(ef9977ed07c438845a52c577f4ffcc3a) Importer(815301076,1909f56bfc062723c751e8b465ee728b)
Start importing Packages/com.unity.2d.animation/Editor/Assets/SkinningModule/Icons/Selected/Visibility_Tool@2x.png using Guid(ef9977ed07c438845a52c577f4ffcc3a) Importer(815301076,1909f56bfc062723c751e8b465ee728b)  -> (artifact id: 'c099f6a5e1181eab87080976ef3efde0') in 0.012340 seconds
  Import took 0.016332 seconds .

========================================================================
Received Import Request.
  Time since last request: 0.000232 seconds.
  path: Packages/com.unity.2d.animation/Editor/Assets/SkinningModule/Icons/Light/Visibility_Tool.png
  artifactKey: Guid(1e7c59239d2a59140b34f39ea6d4d44c) Importer(815301076,1909f56bfc062723c751e8b465ee728b)
Start importing Packages/com.unity.2d.animation/Editor/Assets/SkinningModule/Icons/Light/Visibility_Tool.png using Guid(1e7c59239d2a59140b34f39ea6d4d44c) Importer(815301076,1909f56bfc062723c751e8b465ee728b)  -> (artifact id: '7a41568a95c923dd9799021dbf2a8d47') in 0.018595 seconds
  Import took 0.022642 seconds .

========================================================================
Received Import Request.
  Time since last request: 3.557012 seconds.
  path: Packages/com.unity.2d.animation/Editor/Assets/SkinningModule/Icons/Light/Visibility_Tool@2x.png
  artifactKey: Guid(45c995b76b893fd4b9e8d3e0f9f6463b) Importer(815301076,1909f56bfc062723c751e8b465ee728b)
Start importing Packages/com.unity.2d.animation/Editor/Assets/SkinningModule/Icons/Light/Visibility_Tool@2x.png using Guid(45c995b76b893fd4b9e8d3e0f9f6463b) Importer(815301076,1909f56bfc062723c751e8b465ee728b)  -> (artifact id: '910598cab456e8dddcd199f35146b12b') in 0.014412 seconds
  Import took 0.018483 seconds .

========================================================================
Received Import Request.
  Time since last request: 0.000271 seconds.
  path: Packages/com.unity.2d.animation/Editor/Assets/SkinningModule/Icons/Light/Weight_Brush.png
  artifactKey: Guid(9d026c034cfd40746a436496efe2dd7f) Importer(815301076,1909f56bfc062723c751e8b465ee728b)
Start importing Packages/com.unity.2d.animation/Editor/Assets/SkinningModule/Icons/Light/Weight_Brush.png using Guid(9d026c034cfd40746a436496efe2dd7f) Importer(815301076,1909f56bfc062723c751e8b465ee728b)  -> (artifact id: '5f7c4a6bd5c203426bf9057223dd927b') in 0.014414 seconds
  Import took 0.019034 seconds .

========================================================================
Received Import Request.
  Time since last request: 0.000265 seconds.
  path: Packages/com.unity.2d.animation/Editor/Assets/SkinningModule/Icons/Selected/Visibility_Tool@4x.png
  artifactKey: Guid(f082e69f825d0aa44b687e592731c0a8) Importer(815301076,1909f56bfc062723c751e8b465ee728b)
Start importing Packages/com.unity.2d.animation/Editor/Assets/SkinningModule/Icons/Selected/Visibility_Tool@4x.png using Guid(f082e69f825d0aa44b687e592731c0a8) Importer(815301076,1909f56bfc062723c751e8b465ee728b)  -> (artifact id: '1ede8c28e60bf237848512c2cb75543f') in 0.019799 seconds
  Import took 0.024354 seconds .

========================================================================
Received Import Request.
  Time since last request: 0.000220 seconds.
  path: Packages/com.unity.2d.animation/Editor/Assets/SkinningModule/Icons/Light/Visibility_Tool@4x.png
  artifactKey: Guid(216c53aef79eaaf40a1800cc5e542dc3) Importer(815301076,1909f56bfc062723c751e8b465ee728b)
Start importing Packages/com.unity.2d.animation/Editor/Assets/SkinningModule/Icons/Light/Visibility_Tool@4x.png using Guid(216c53aef79eaaf40a1800cc5e542dc3) Importer(815301076,1909f56bfc062723c751e8b465ee728b)  -> (artifact id: 'd0fec4f1c9979451b87b0899df4705b3') in 0.015909 seconds
  Import took 0.021228 seconds .

========================================================================
Received Import Request.
  Time since last request: 0.000289 seconds.
  path: Packages/com.unity.2d.animation/Editor/Assets/SkinningModule/Icons/Light/Visibility_Tool@3x.png
  artifactKey: Guid(ec23e33668eecff4aaec16f735dcc204) Importer(815301076,1909f56bfc062723c751e8b465ee728b)
Start importing Packages/com.unity.2d.animation/Editor/Assets/SkinningModule/Icons/Light/Visibility_Tool@3x.png using Guid(ec23e33668eecff4aaec16f735dcc204) Importer(815301076,1909f56bfc062723c751e8b465ee728b)  -> (artifact id: '69c2660a89e969057ef92b96b5893576') in 0.018499 seconds
  Import took 0.023809 seconds .

========================================================================
Received Import Request.
  Time since last request: 0.000238 seconds.
  path: Packages/com.unity.2d.animation/Editor/Assets/SkinningModule/Icons/Light/Weight_Brush@2x.png
  artifactKey: Guid(17d3bf7425a0748489ce3633e38652db) Importer(815301076,1909f56bfc062723c751e8b465ee728b)
Start importing Packages/com.unity.2d.animation/Editor/Assets/SkinningModule/Icons/Light/Weight_Brush@2x.png using Guid(17d3bf7425a0748489ce3633e38652db) Importer(815301076,1909f56bfc062723c751e8b465ee728b)  -> (artifact id: '7c951910462200ffaf980ba698111759') in 0.014412 seconds
  Import took 0.019402 seconds .

========================================================================
Received Import Request.
  Time since last request: 0.000277 seconds.
  path: Packages/com.unity.2d.animation/Editor/Assets/SkinningModule/Icons/Selected/Weight_Brush.png
  artifactKey: Guid(bf734b7184825b040837040cb93a8dc7) Importer(815301076,1909f56bfc062723c751e8b465ee728b)
Start importing Packages/com.unity.2d.animation/Editor/Assets/SkinningModule/Icons/Selected/Weight_Brush.png using Guid(bf734b7184825b040837040cb93a8dc7) Importer(815301076,1909f56bfc062723c751e8b465ee728b)  -> (artifact id: 'aa1725089af12166549274d60a44bf28') in 0.016077 seconds
  Import took 0.021412 seconds .

========================================================================
Received Import Request.
  Time since last request: 0.000258 seconds.
  path: Packages/com.unity.2d.animation/Editor/Assets/SkinningModule/Icons/Selected/Weight_Brush@2x.png
  artifactKey: Guid(bb668641abe10a64891e26613cf530ee) Importer(815301076,1909f56bfc062723c751e8b465ee728b)
Start importing Packages/com.unity.2d.animation/Editor/Assets/SkinningModule/Icons/Selected/Weight_Brush@2x.png using Guid(bb668641abe10a64891e26613cf530ee) Importer(815301076,1909f56bfc062723c751e8b465ee728b)  -> (artifact id: '2553b4de15957721c88820125eb23f7e') in 0.019096 seconds
  Import took 0.024355 seconds .

========================================================================
Received Import Request.
  Time since last request: 0.000202 seconds.
  path: Packages/com.unity.2d.animation/Editor/Assets/SkinningModule/Icons/Selected/Visibility_Tool@3x.png
  artifactKey: Guid(8004118ba4145a74e823fedaa37acf3a) Importer(815301076,1909f56bfc062723c751e8b465ee728b)
Start importing Packages/com.unity.2d.animation/Editor/Assets/SkinningModule/Icons/Selected/Visibility_Tool@3x.png using Guid(8004118ba4145a74e823fedaa37acf3a) Importer(815301076,1909f56bfc062723c751e8b465ee728b)  -> (artifact id: '0ab6109de858cb25fb3c8e6fbfeda7a4') in 0.014638 seconds
  Import took 0.019927 seconds .

========================================================================
Received Import Request.
  Time since last request: 0.508799 seconds.
  path: Packages/com.unity.2d.animation/Editor/Assets/SkinningModule/Icons/Selected/Weight_Brush@3x.png
  artifactKey: Guid(3e6e6fbbd946d0541923f45f4eaa2cf1) Importer(815301076,1909f56bfc062723c751e8b465ee728b)
Start importing Packages/com.unity.2d.animation/Editor/Assets/SkinningModule/Icons/Selected/Weight_Brush@3x.png using Guid(3e6e6fbbd946d0541923f45f4eaa2cf1) Importer(815301076,1909f56bfc062723c751e8b465ee728b)  -> (artifact id: 'a91b6b126e2b27ec7a4160ba56550a04') in 0.017511 seconds
  Import took 0.022586 seconds .

========================================================================
Received Import Request.
  Time since last request: 0.000271 seconds.
  path: Packages/com.unity.2d.animation/Editor/Assets/SkinningModule/Icons/Selected/Weight_Brush@4x.png
  artifactKey: Guid(48464cd53bb3c604f999e7d3f15e8d09) Importer(815301076,1909f56bfc062723c751e8b465ee728b)
Start importing Packages/com.unity.2d.animation/Editor/Assets/SkinningModule/Icons/Selected/Weight_Brush@4x.png using Guid(48464cd53bb3c604f999e7d3f15e8d09) Importer(815301076,1909f56bfc062723c751e8b465ee728b)  -> (artifact id: '58a79f84acd9b161941c5d3987d8589d') in 0.014476 seconds
  Import took 0.019284 seconds .

========================================================================
Received Import Request.
  Time since last request: 0.000316 seconds.
  path: Packages/com.unity.2d.animation/Editor/Assets/SkinningModule/Icons/Selected/Weight_Slider.png
  artifactKey: Guid(96b029a4248c85a4e8de2aa81fc0b60a) Importer(815301076,1909f56bfc062723c751e8b465ee728b)
Start importing Packages/com.unity.2d.animation/Editor/Assets/SkinningModule/Icons/Selected/Weight_Slider.png using Guid(96b029a4248c85a4e8de2aa81fc0b60a) Importer(815301076,1909f56bfc062723c751e8b465ee728b)  -> (artifact id: '3c90d11661ce3b5a3aa5f4283d420399') in 0.017017 seconds
  Import took 0.022429 seconds .

========================================================================
Received Import Request.
  Time since last request: 0.000278 seconds.
  path: Packages/com.unity.2d.animation/Editor/Assets/SkinningModule/Icons/Light/Weight_Brush@4x.png
  artifactKey: Guid(3dd5e5c693a816e4f96b869f6465955b) Importer(815301076,1909f56bfc062723c751e8b465ee728b)
Start importing Packages/com.unity.2d.animation/Editor/Assets/SkinningModule/Icons/Light/Weight_Brush@4x.png using Guid(3dd5e5c693a816e4f96b869f6465955b) Importer(815301076,1909f56bfc062723c751e8b465ee728b)  -> (artifact id: '6885e8ae3d2a2b3f66f040c8a94236d6') in 0.015668 seconds
  Import took 0.020257 seconds .

========================================================================
Received Import Request.
  Time since last request: 0.000248 seconds.
  path: Packages/com.unity.2d.animation/Editor/Assets/SkinningModule/Icons/Light/Weight_Brush@3x.png
  artifactKey: Guid(3279d541bf75c624cbdd7179eb5559a8) Importer(815301076,1909f56bfc062723c751e8b465ee728b)
Start importing Packages/com.unity.2d.animation/Editor/Assets/SkinningModule/Icons/Light/Weight_Brush@3x.png using Guid(3279d541bf75c624cbdd7179eb5559a8) Importer(815301076,1909f56bfc062723c751e8b465ee728b)  -> (artifact id: '17151a3755dccc66bd390b93e0b397e8') in 0.016321 seconds
  Import took 0.021568 seconds .

========================================================================
Received Import Request.
  Time since last request: 0.000261 seconds.
  path: Packages/com.unity.2d.animation/Editor/Assets/SkinningModule/Icons/Light/Weight_Slider.png
  artifactKey: Guid(aa91af43c72989f44bf937fd28243bc7) Importer(815301076,1909f56bfc062723c751e8b465ee728b)
Start importing Packages/com.unity.2d.animation/Editor/Assets/SkinningModule/Icons/Light/Weight_Slider.png using Guid(aa91af43c72989f44bf937fd28243bc7) Importer(815301076,1909f56bfc062723c751e8b465ee728b)  -> (artifact id: '6efc441a311c07fd009515c1cba8f175') in 0.014211 seconds
  Import took 0.018578 seconds .

========================================================================
Received Import Request.
  Time since last request: 0.000229 seconds.
  path: Packages/com.unity.2d.animation/Editor/Assets/SkinningModule/Icons/Light/Weight_Brush@4x.png
  artifactKey: Guid(3dd5e5c693a816e4f96b869f6465955b) Importer(815301076,1909f56bfc062723c751e8b465ee728b)
Start importing Packages/com.unity.2d.animation/Editor/Assets/SkinningModule/Icons/Light/Weight_Brush@4x.png using Guid(3dd5e5c693a816e4f96b869f6465955b) Importer(815301076,1909f56bfc062723c751e8b465ee728b)  -> (artifact id: '6885e8ae3d2a2b3f66f040c8a94236d6') in 0.014913 seconds
  Import took 0.019459 seconds .

========================================================================
Received Import Request.
  Time since last request: 0.000247 seconds.
  path: Packages/com.unity.2d.animation/Editor/Assets/SkinningModule/Icons/Light/Weight_Slider@4x.png
  artifactKey: Guid(4e494ad3b858ecf4fab63aae9075d43d) Importer(815301076,1909f56bfc062723c751e8b465ee728b)
Start importing Packages/com.unity.2d.animation/Editor/Assets/SkinningModule/Icons/Light/Weight_Slider@4x.png using Guid(4e494ad3b858ecf4fab63aae9075d43d) Importer(815301076,1909f56bfc062723c751e8b465ee728b)  -> (artifact id: 'f10331ee389bbd07ee262ae700d377aa') in 0.015184 seconds
  Import took 0.020481 seconds .

========================================================================
Received Import Request.
  Time since last request: 0.000229 seconds.
  path: Packages/com.unity.2d.animation/Editor/Assets/SkinningModule/Icons/Selected/Weight_Slider@4x.png
  artifactKey: Guid(ac47ed8ccc79cf04dae198b9cc5b3a6f) Importer(815301076,1909f56bfc062723c751e8b465ee728b)
Start importing Packages/com.unity.2d.animation/Editor/Assets/SkinningModule/Icons/Selected/Weight_Slider@4x.png using Guid(ac47ed8ccc79cf04dae198b9cc5b3a6f) Importer(815301076,1909f56bfc062723c751e8b465ee728b)  -> (artifact id: '4bc13d026c86c9cdf289566ef8a45110') in 0.022421 seconds
  Import took 0.027805 seconds .

========================================================================
Received Import Request.
  Time since last request: 0.000231 seconds.
  path: Packages/com.unity.2d.animation/Editor/Assets/SkinningModule/Icons/Light/Weight_Slider.png
  artifactKey: Guid(aa91af43c72989f44bf937fd28243bc7) Importer(815301076,1909f56bfc062723c751e8b465ee728b)
Start importing Packages/com.unity.2d.animation/Editor/Assets/SkinningModule/Icons/Light/Weight_Slider.png using Guid(aa91af43c72989f44bf937fd28243bc7) Importer(815301076,1909f56bfc062723c751e8b465ee728b)  -> (artifact id: '6efc441a311c07fd009515c1cba8f175') in 0.010914 seconds
  Import took 0.014879 seconds .

========================================================================
Received Import Request.
  Time since last request: 0.000250 seconds.
  path: Packages/com.unity.2d.animation/Editor/Assets/SkinningModule/Icons/Selected/Weight_Slider@3x.png
  artifactKey: Guid(af73899d5803d99448134360f184f348) Importer(815301076,1909f56bfc062723c751e8b465ee728b)
Start importing Packages/com.unity.2d.animation/Editor/Assets/SkinningModule/Icons/Selected/Weight_Slider@3x.png using Guid(af73899d5803d99448134360f184f348) Importer(815301076,1909f56bfc062723c751e8b465ee728b)  -> (artifact id: '214c6383b05532f979d2a416e4d2ea70') in 0.015359 seconds
  Import took 0.020338 seconds .

========================================================================
Received Import Request.
  Time since last request: 0.000215 seconds.
  path: Packages/com.unity.2d.animation/Editor/Assets/SkinningModule/Icons/Light/Weight_Slider@2x.png
  artifactKey: Guid(6306a4776b130304bba7a139fc1d2bb8) Importer(815301076,1909f56bfc062723c751e8b465ee728b)
Start importing Packages/com.unity.2d.animation/Editor/Assets/SkinningModule/Icons/Light/Weight_Slider@2x.png using Guid(6306a4776b130304bba7a139fc1d2bb8) Importer(815301076,1909f56bfc062723c751e8b465ee728b)  -> (artifact id: 'ffecdf0da05c0d4323773bb028a63914') in 0.016664 seconds
  Import took 0.022167 seconds .

========================================================================
Received Import Request.
  Time since last request: 0.000290 seconds.
  path: Packages/com.unity.2d.animation/Editor/Assets/SkinningModule/Icons/Light/Weight_Slider@3x.png
  artifactKey: Guid(ec8214d7d416a8746bb342b71e8e4269) Importer(815301076,1909f56bfc062723c751e8b465ee728b)
Start importing Packages/com.unity.2d.animation/Editor/Assets/SkinningModule/Icons/Light/Weight_Slider@3x.png using Guid(ec8214d7d416a8746bb342b71e8e4269) Importer(815301076,1909f56bfc062723c751e8b465ee728b)  -> (artifact id: '0f19b177d77ed87c6d082237612ab758') in 0.016726 seconds
  Import took 0.022790 seconds .

========================================================================
Received Import Request.
  Time since last request: 0.000252 seconds.
  path: Packages/com.unity.2d.animation/Editor/Assets/SkinningModule/Icons/Selected/Weight_Slider@2x.png
  artifactKey: Guid(7f64a6e091143c0458506b559165cf72) Importer(815301076,1909f56bfc062723c751e8b465ee728b)
Start importing Packages/com.unity.2d.animation/Editor/Assets/SkinningModule/Icons/Selected/Weight_Slider@2x.png using Guid(7f64a6e091143c0458506b559165cf72) Importer(815301076,1909f56bfc062723c751e8b465ee728b)  -> (artifact id: 'e623fa05b5f3f31de6f02f70131200d6') in 0.015419 seconds
  Import took 0.020094 seconds .

========================================================================
Received Import Request.
  Time since last request: 0.000244 seconds.
  path: Packages/com.unity.2d.animation/Editor/Assets/SkinningModule/Icons/Selected/Weight_Brush@3x.png
  artifactKey: Guid(3e6e6fbbd946d0541923f45f4eaa2cf1) Importer(815301076,1909f56bfc062723c751e8b465ee728b)
Start importing Packages/com.unity.2d.animation/Editor/Assets/SkinningModule/Icons/Selected/Weight_Brush@3x.png using Guid(3e6e6fbbd946d0541923f45f4eaa2cf1) Importer(815301076,1909f56bfc062723c751e8b465ee728b)  -> (artifact id: 'a91b6b126e2b27ec7a4160ba56550a04') in 0.014084 seconds
  Import took 0.019467 seconds .

========================================================================
Received Import Request.
  Time since last request: 114.700295 seconds.
  path: Assets/Prefabs/GreenTile.prefab
  artifactKey: Guid(8c54b331416ba4847b53e6f1c9c323ee) Importer(815301076,1909f56bfc062723c751e8b465ee728b)
Start importing Assets/Prefabs/GreenTile.prefab using Guid(8c54b331416ba4847b53e6f1c9c323ee) Importer(815301076,1909f56bfc062723c751e8b465ee728b)  -> (artifact id: 'e38533592b4c19487e1fadd05ddf114d') in 0.018281 seconds
  Import took 0.027195 seconds .

========================================================================
Received Import Request.
  Time since last request: 0.005293 seconds.
  path: Assets/Prefabs/GreenTile.prefab
  artifactKey: Guid(8c54b331416ba4847b53e6f1c9c323ee) Importer(815301076,1909f56bfc062723c751e8b465ee728b)
Start importing Assets/Prefabs/GreenTile.prefab using Guid(8c54b331416ba4847b53e6f1c9c323ee) Importer(815301076,1909f56bfc062723c751e8b465ee728b)  -> (artifact id: 'e38533592b4c19487e1fadd05ddf114d') in 0.014528 seconds
  Import took 0.019339 seconds .

========================================================================
Received Import Request.
  Time since last request: 244.341296 seconds.
  path: Assets/Prefabs/DarkTile.prefab
  artifactKey: Guid(d255640b0bfe57043addc21853e9cfba) Importer(815301076,1909f56bfc062723c751e8b465ee728b)
Start importing Assets/Prefabs/DarkTile.prefab using Guid(d255640b0bfe57043addc21853e9cfba) Importer(815301076,1909f56bfc062723c751e8b465ee728b)  -> (artifact id: '511e7f755c2bb3df1b495559102c7577') in 0.017584 seconds
  Import took 0.023436 seconds .

========================================================================
Received Import Request.
  Time since last request: 0.008235 seconds.
  path: Assets/Prefabs/DarkTile.prefab
  artifactKey: Guid(d255640b0bfe57043addc21853e9cfba) Importer(815301076,1909f56bfc062723c751e8b465ee728b)
Start importing Assets/Prefabs/DarkTile.prefab using Guid(d255640b0bfe57043addc21853e9cfba) Importer(815301076,1909f56bfc062723c751e8b465ee728b)  -> (artifact id: '511e7f755c2bb3df1b495559102c7577') in 0.015250 seconds
  Import took 0.021190 seconds .

========================================================================
Received Prepare
Registering precompiled user dll's ...
Registered in 0.002082 seconds.
Begin MonoManager ReloadAssembly
Native extension for WindowsStandalone target not found
Native extension for WebGL target not found
Refreshing native plugins compatible for Editor in 0.73 ms, found 1 plugins.
Preloading 0 native plugins for Editor in 0.00 ms.
Invoked RoslynAnalysisRunner static constructor.
RoslynAnalysisRunner will not be running.
RoslynAnalysisRunner has terminated.
Mono: successfully reloaded assembly
- Completed reload, in  1.709 seconds
Platform modules already initialized, skipping
Refreshing native plugins compatible for Editor in 0.87 ms, found 1 plugins.
Preloading 0 native plugins for Editor in 0.00 ms.
Unloading 1812 Unused Serialized files (Serialized files now loaded: 0)
System memory in use before: 89.1 MB.
System memory in use after: 89.1 MB.

Unloading 12 unused Assets to reduce memory usage. Loaded Objects now: 2404.
Total: 4.556400 ms (FindLiveObjects: 0.497200 ms CreateObjectMapping: 0.248300 ms MarkObjects: 3.560900 ms  DeleteObjects: 0.247500 ms)

========================================================================
Received Prepare
Registering precompiled user dll's ...
Registered in 0.001811 seconds.
Begin MonoManager ReloadAssembly
Native extension for WindowsStandalone target not found
Native extension for WebGL target not found
Refreshing native plugins compatible for Editor in 0.79 ms, found 1 plugins.
Preloading 0 native plugins for Editor in 0.00 ms.
Invoked RoslynAnalysisRunner static constructor.
RoslynAnalysisRunner will not be running.
RoslynAnalysisRunner has terminated.
Mono: successfully reloaded assembly
- Completed reload, in  1.547 seconds
Platform modules already initialized, skipping
Refreshing native plugins compatible for Editor in 0.84 ms, found 1 plugins.
Preloading 0 native plugins for Editor in 0.00 ms.
Unloading 1812 Unused Serialized files (Serialized files now loaded: 0)
System memory in use before: 89.1 MB.
System memory in use after: 89.1 MB.

Unloading 12 unused Assets to reduce memory usage. Loaded Objects now: 2408.
Total: 3.581800 ms (FindLiveObjects: 0.313300 ms CreateObjectMapping: 0.077100 ms MarkObjects: 3.010000 ms  DeleteObjects: 0.179800 ms)

========================================================================
Received Prepare
Registering precompiled user dll's ...
Registered in 0.001847 seconds.
Begin MonoManager ReloadAssembly
Native extension for WindowsStandalone target not found
Native extension for WebGL target not found
Refreshing native plugins compatible for Editor in 0.90 ms, found 1 plugins.
Preloading 0 native plugins for Editor in 0.00 ms.
Invoked RoslynAnalysisRunner static constructor.
RoslynAnalysisRunner will not be running.
RoslynAnalysisRunner has terminated.
Mono: successfully reloaded assembly
- Completed reload, in  1.570 seconds
Platform modules already initialized, skipping
Refreshing native plugins compatible for Editor in 0.87 ms, found 1 plugins.
Preloading 0 native plugins for Editor in 0.00 ms.
Unloading 1812 Unused Serialized files (Serialized files now loaded: 0)
System memory in use before: 89.1 MB.
System memory in use after: 89.1 MB.

Unloading 12 unused Assets to reduce memory usage. Loaded Objects now: 2412.
Total: 3.803800 ms (FindLiveObjects: 0.513400 ms CreateObjectMapping: 0.186000 ms MarkObjects: 2.932100 ms  DeleteObjects: 0.170100 ms)

========================================================================
Received Prepare
Registering precompiled user dll's ...
Registered in 0.002057 seconds.
Begin MonoManager ReloadAssembly
Native extension for WindowsStandalone target not found
Native extension for WebGL target not found
Refreshing native plugins compatible for Editor in 0.80 ms, found 1 plugins.
Preloading 0 native plugins for Editor in 0.00 ms.
Invoked RoslynAnalysisRunner static constructor.
RoslynAnalysisRunner will not be running.
RoslynAnalysisRunner has terminated.
Mono: successfully reloaded assembly
- Completed reload, in  1.570 seconds
Platform modules already initialized, skipping
Refreshing native plugins compatible for Editor in 0.85 ms, found 1 plugins.
Preloading 0 native plugins for Editor in 0.00 ms.
Unloading 1812 Unused Serialized files (Serialized files now loaded: 0)
System memory in use before: 89.1 MB.
System memory in use after: 89.1 MB.

Unloading 12 unused Assets to reduce memory usage. Loaded Objects now: 2416.
Total: 3.717800 ms (FindLiveObjects: 0.396900 ms CreateObjectMapping: 0.120600 ms MarkObjects: 3.027400 ms  DeleteObjects: 0.171100 ms)

========================================================================
Received Prepare
Registering precompiled user dll's ...
Registered in 0.001914 seconds.
Begin MonoManager ReloadAssembly
Native extension for WindowsStandalone target not found
Native extension for WebGL target not found
Refreshing native plugins compatible for Editor in 0.85 ms, found 1 plugins.
Preloading 0 native plugins for Editor in 0.00 ms.
Invoked RoslynAnalysisRunner static constructor.
RoslynAnalysisRunner will not be running.
RoslynAnalysisRunner has terminated.
Mono: successfully reloaded assembly
- Completed reload, in  1.731 seconds
Platform modules already initialized, skipping
Refreshing native plugins compatible for Editor in 0.83 ms, found 1 plugins.
Preloading 0 native plugins for Editor in 0.00 ms.
Unloading 1812 Unused Serialized files (Serialized files now loaded: 0)
System memory in use before: 89.1 MB.
System memory in use after: 89.1 MB.

Unloading 12 unused Assets to reduce memory usage. Loaded Objects now: 2420.
Total: 5.032800 ms (FindLiveObjects: 0.386300 ms CreateObjectMapping: 0.086100 ms MarkObjects: 4.229000 ms  DeleteObjects: 0.329000 ms)

========================================================================
Received Prepare
Registering precompiled user dll's ...
Registered in 0.001901 seconds.
Begin MonoManager ReloadAssembly
Native extension for WindowsStandalone target not found
Native extension for WebGL target not found
Refreshing native plugins compatible for Editor in 0.79 ms, found 1 plugins.
Preloading 0 native plugins for Editor in 0.00 ms.
Invoked RoslynAnalysisRunner static constructor.
RoslynAnalysisRunner will not be running.
RoslynAnalysisRunner has terminated.
Mono: successfully reloaded assembly
- Completed reload, in  1.596 seconds
Platform modules already initialized, skipping
Refreshing native plugins compatible for Editor in 0.78 ms, found 1 plugins.
Preloading 0 native plugins for Editor in 0.00 ms.
Unloading 1812 Unused Serialized files (Serialized files now loaded: 0)
System memory in use before: 89.2 MB.
System memory in use after: 89.1 MB.

Unloading 12 unused Assets to reduce memory usage. Loaded Objects now: 2424.
Total: 3.792000 ms (FindLiveObjects: 0.363300 ms CreateObjectMapping: 0.071600 ms MarkObjects: 3.156000 ms  DeleteObjects: 0.199000 ms)

========================================================================
Received Prepare
Registering precompiled user dll's ...
Registered in 0.001886 seconds.
Begin MonoManager ReloadAssembly
Native extension for WindowsStandalone target not found
Native extension for WebGL target not found
Refreshing native plugins compatible for Editor in 0.69 ms, found 1 plugins.
Preloading 0 native plugins for Editor in 0.00 ms.
Invoked RoslynAnalysisRunner static constructor.
RoslynAnalysisRunner will not be running.
RoslynAnalysisRunner has terminated.
Mono: successfully reloaded assembly
- Completed reload, in  1.674 seconds
Platform modules already initialized, skipping
Refreshing native plugins compatible for Editor in 0.53 ms, found 1 plugins.
Preloading 0 native plugins for Editor in 0.00 ms.
Unloading 1812 Unused Serialized files (Serialized files now loaded: 0)
System memory in use before: 89.2 MB.
System memory in use after: 89.2 MB.

Unloading 12 unused Assets to reduce memory usage. Loaded Objects now: 2428.
Total: 3.392200 ms (FindLiveObjects: 0.287300 ms CreateObjectMapping: 0.064200 ms MarkObjects: 2.852800 ms  DeleteObjects: 0.186000 ms)

========================================================================
Received Prepare
Registering precompiled user dll's ...
Registered in 0.002106 seconds.
Begin MonoManager ReloadAssembly
Native extension for WindowsStandalone target not found
Native extension for WebGL target not found
Refreshing native plugins compatible for Editor in 0.79 ms, found 1 plugins.
Preloading 0 native plugins for Editor in 0.00 ms.
Invoked RoslynAnalysisRunner static constructor.
RoslynAnalysisRunner will not be running.
RoslynAnalysisRunner has terminated.
Mono: successfully reloaded assembly
- Completed reload, in  1.573 seconds
Platform modules already initialized, skipping
Refreshing native plugins compatible for Editor in 0.48 ms, found 1 plugins.
Preloading 0 native plugins for Editor in 0.00 ms.
Unloading 1812 Unused Serialized files (Serialized files now loaded: 0)
System memory in use before: 89.2 MB.
System memory in use after: 89.2 MB.

Unloading 12 unused Assets to reduce memory usage. Loaded Objects now: 2432.
Total: 4.445100 ms (FindLiveObjects: 0.469300 ms CreateObjectMapping: 0.126600 ms MarkObjects: 3.660200 ms  DeleteObjects: 0.185800 ms)

========================================================================
Received Prepare
Registering precompiled user dll's ...
Registered in 0.001978 seconds.
Begin MonoManager ReloadAssembly
Native extension for WindowsStandalone target not found
Native extension for WebGL target not found
Refreshing native plugins compatible for Editor in 0.62 ms, found 1 plugins.
Preloading 0 native plugins for Editor in 0.00 ms.
Invoked RoslynAnalysisRunner static constructor.
RoslynAnalysisRunner will not be running.
RoslynAnalysisRunner has terminated.
Mono: successfully reloaded assembly
- Completed reload, in  1.565 seconds
Platform modules already initialized, skipping
Refreshing native plugins compatible for Editor in 0.79 ms, found 1 plugins.
Preloading 0 native plugins for Editor in 0.00 ms.
Unloading 1812 Unused Serialized files (Serialized files now loaded: 0)
System memory in use before: 89.2 MB.
System memory in use after: 89.2 MB.

Unloading 12 unused Assets to reduce memory usage. Loaded Objects now: 2436.
Total: 3.693800 ms (FindLiveObjects: 0.333800 ms CreateObjectMapping: 0.083500 ms MarkObjects: 3.087400 ms  DeleteObjects: 0.186800 ms)

========================================================================
Received Prepare
Registering precompiled user dll's ...
Registered in 0.001780 seconds.
Begin MonoManager ReloadAssembly
Native extension for WindowsStandalone target not found
Native extension for WebGL target not found
Refreshing native plugins compatible for Editor in 0.89 ms, found 1 plugins.
Preloading 0 native plugins for Editor in 0.00 ms.
Invoked RoslynAnalysisRunner static constructor.
RoslynAnalysisRunner will not be running.
RoslynAnalysisRunner has terminated.
Mono: successfully reloaded assembly
- Completed reload, in  1.757 seconds
Platform modules already initialized, skipping
Refreshing native plugins compatible for Editor in 0.84 ms, found 1 plugins.
Preloading 0 native plugins for Editor in 0.00 ms.
Unloading 1812 Unused Serialized files (Serialized files now loaded: 0)
System memory in use before: 89.2 MB.
System memory in use after: 89.2 MB.

Unloading 12 unused Assets to reduce memory usage. Loaded Objects now: 2440.
Total: 4.800900 ms (FindLiveObjects: 0.406700 ms CreateObjectMapping: 0.207600 ms MarkObjects: 3.976700 ms  DeleteObjects: 0.207500 ms)

========================================================================
Received Prepare
Registering precompiled user dll's ...
Registered in 0.001904 seconds.
Begin MonoManager ReloadAssembly
Native extension for WindowsStandalone target not found
Native extension for WebGL target not found
Refreshing native plugins compatible for Editor in 0.95 ms, found 1 plugins.
Preloading 0 native plugins for Editor in 0.00 ms.
Invoked RoslynAnalysisRunner static constructor.
RoslynAnalysisRunner will not be running.
RoslynAnalysisRunner has terminated.
Mono: successfully reloaded assembly
- Completed reload, in  1.661 seconds
Platform modules already initialized, skipping
Refreshing native plugins compatible for Editor in 0.79 ms, found 1 plugins.
Preloading 0 native plugins for Editor in 0.00 ms.
Unloading 1812 Unused Serialized files (Serialized files now loaded: 0)
System memory in use before: 89.2 MB.
System memory in use after: 89.2 MB.

Unloading 12 unused Assets to reduce memory usage. Loaded Objects now: 2444.
Total: 3.687600 ms (FindLiveObjects: 0.353900 ms CreateObjectMapping: 0.081300 ms MarkObjects: 3.073700 ms  DeleteObjects: 0.176500 ms)

========================================================================
Received Prepare
Registering precompiled user dll's ...
Registered in 0.002116 seconds.
Begin MonoManager ReloadAssembly
Native extension for WindowsStandalone target not found
Native extension for WebGL target not found
Refreshing native plugins compatible for Editor in 0.82 ms, found 1 plugins.
Preloading 0 native plugins for Editor in 0.00 ms.
Invoked RoslynAnalysisRunner static constructor.
RoslynAnalysisRunner will not be running.
RoslynAnalysisRunner has terminated.
Mono: successfully reloaded assembly
- Completed reload, in  1.600 seconds
Platform modules already initialized, skipping
Refreshing native plugins compatible for Editor in 0.75 ms, found 1 plugins.
Preloading 0 native plugins for Editor in 0.00 ms.
Unloading 1812 Unused Serialized files (Serialized files now loaded: 0)
System memory in use before: 89.2 MB.
System memory in use after: 89.2 MB.

Unloading 12 unused Assets to reduce memory usage. Loaded Objects now: 2448.
Total: 4.245700 ms (FindLiveObjects: 0.484200 ms CreateObjectMapping: 0.184300 ms MarkObjects: 3.365100 ms  DeleteObjects: 0.210100 ms)

========================================================================
Received Prepare
Registering precompiled user dll's ...
Registered in 0.001911 seconds.
Begin MonoManager ReloadAssembly
Native extension for WindowsStandalone target not found
Native extension for WebGL target not found
Refreshing native plugins compatible for Editor in 0.82 ms, found 1 plugins.
Preloading 0 native plugins for Editor in 0.00 ms.
Invoked RoslynAnalysisRunner static constructor.
RoslynAnalysisRunner will not be running.
RoslynAnalysisRunner has terminated.
Mono: successfully reloaded assembly
- Completed reload, in  1.634 seconds
Platform modules already initialized, skipping
Refreshing native plugins compatible for Editor in 0.78 ms, found 1 plugins.
Preloading 0 native plugins for Editor in 0.00 ms.
Unloading 1812 Unused Serialized files (Serialized files now loaded: 0)
System memory in use before: 89.2 MB.
System memory in use after: 89.2 MB.

Unloading 12 unused Assets to reduce memory usage. Loaded Objects now: 2452.
Total: 3.569300 ms (FindLiveObjects: 0.319100 ms CreateObjectMapping: 0.078500 ms MarkObjects: 2.995400 ms  DeleteObjects: 0.173700 ms)

========================================================================
Received Prepare
Registering precompiled user dll's ...
Registered in 0.001496 seconds.
Begin MonoManager ReloadAssembly
Native extension for WindowsStandalone target not found
Native extension for WebGL target not found
Refreshing native plugins compatible for Editor in 0.82 ms, found 1 plugins.
Preloading 0 native plugins for Editor in 0.00 ms.
Invoked RoslynAnalysisRunner static constructor.
RoslynAnalysisRunner will not be running.
RoslynAnalysisRunner has terminated.
Mono: successfully reloaded assembly
- Completed reload, in  1.654 seconds
Platform modules already initialized, skipping
Refreshing native plugins compatible for Editor in 0.78 ms, found 1 plugins.
Preloading 0 native plugins for Editor in 0.00 ms.
Unloading 1812 Unused Serialized files (Serialized files now loaded: 0)
System memory in use before: 89.2 MB.
System memory in use after: 89.2 MB.

Unloading 12 unused Assets to reduce memory usage. Loaded Objects now: 2456.
Total: 4.657800 ms (FindLiveObjects: 0.433200 ms CreateObjectMapping: 0.204600 ms MarkObjects: 3.770000 ms  DeleteObjects: 0.247700 ms)

========================================================================
Received Prepare
Registering precompiled user dll's ...
Registered in 0.002042 seconds.
Begin MonoManager ReloadAssembly
Native extension for WindowsStandalone target not found
Native extension for WebGL target not found
Refreshing native plugins compatible for Editor in 0.46 ms, found 1 plugins.
Preloading 0 native plugins for Editor in 0.00 ms.
Invoked RoslynAnalysisRunner static constructor.
RoslynAnalysisRunner will not be running.
RoslynAnalysisRunner has terminated.
Mono: successfully reloaded assembly
- Completed reload, in  1.618 seconds
Platform modules already initialized, skipping
Refreshing native plugins compatible for Editor in 0.86 ms, found 1 plugins.
Preloading 0 native plugins for Editor in 0.00 ms.
Unloading 1812 Unused Serialized files (Serialized files now loaded: 0)
System memory in use before: 89.2 MB.
System memory in use after: 89.2 MB.

Unloading 12 unused Assets to reduce memory usage. Loaded Objects now: 2460.
Total: 3.781900 ms (FindLiveObjects: 0.475400 ms CreateObjectMapping: 0.156100 ms MarkObjects: 2.982400 ms  DeleteObjects: 0.166000 ms)

AssetImportWorkerClient::OnTransportError - code=2 error=End of file
